{"C:\\Users\\lylli\\Documents\\Mental Health tracker App\\backend\\src\\config\\database.js": {"path":"C:\\Users\\lylli\\Documents\\Mental Health tracker App\\backend\\src\\config\\database.js","statementMap":{"0":{"start":{"line":1,"column":17},"end":{"line":1,"column":30}},"1":{"start":{"line":2,"column":11},"end":{"line":2,"column":24}},"2":{"start":{"line":3,"column":0},"end":{"line":3,"column":27}},"3":{"start":{"line":12,"column":21},"end":{"line":44,"column":1}},"4":{"start":{"line":13,"column":23},"end":{"line":13,"column":60}},"5":{"start":{"line":14,"column":21},"end":{"line":14,"column":66}},"6":{"start":{"line":16,"column":2},"end":{"line":18,"column":3}},"7":{"start":{"line":17,"column":4},"end":{"line":17,"column":17}},"8":{"start":{"line":20,"column":20},"end":{"line":23,"column":3}},"9":{"start":{"line":26,"column":2},"end":{"line":32,"column":3}},"10":{"start":{"line":27,"column":4},"end":{"line":31,"column":5}},"11":{"start":{"line":28,"column":6},"end":{"line":28,"column":60}},"12":{"start":{"line":30,"column":6},"end":{"line":30,"column":71}},"13":{"start":{"line":35,"column":2},"end":{"line":41,"column":3}},"14":{"start":{"line":36,"column":4},"end":{"line":40,"column":7}},"15":{"start":{"line":43,"column":2},"end":{"line":43,"column":19}},"16":{"start":{"line":47,"column":13},"end":{"line":57,"column":2}},"17":{"start":{"line":60,"column":0},"end":{"line":62,"column":3}},"18":{"start":{"line":61,"column":2},"end":{"line":61,"column":49}},"19":{"start":{"line":64,"column":0},"end":{"line":67,"column":3}},"20":{"start":{"line":65,"column":2},"end":{"line":65,"column":74}},"21":{"start":{"line":69,"column":0},"end":{"line":72,"column":2}},"22":{"start":{"line":70,"column":27},"end":{"line":70,"column":51}}},"fnMap":{"0":{"name":"(anonymous_0)","decl":{"start":{"line":12,"column":21},"end":{"line":12,"column":22}},"loc":{"start":{"line":12,"column":27},"end":{"line":44,"column":1}},"line":12},"1":{"name":"(anonymous_1)","decl":{"start":{"line":60,"column":19},"end":{"line":60,"column":20}},"loc":{"start":{"line":60,"column":25},"end":{"line":62,"column":1}},"line":60},"2":{"name":"(anonymous_2)","decl":{"start":{"line":64,"column":17},"end":{"line":64,"column":18}},"loc":{"start":{"line":64,"column":26},"end":{"line":67,"column":1}},"line":64},"3":{"name":"(anonymous_3)","decl":{"start":{"line":70,"column":9},"end":{"line":70,"column":10}},"loc":{"start":{"line":70,"column":27},"end":{"line":70,"column":51}},"line":70}},"branchMap":{"0":{"loc":{"start":{"line":14,"column":21},"end":{"line":14,"column":66}},"type":"binary-expr","locations":[{"start":{"line":14,"column":21},"end":{"line":14,"column":50}},{"start":{"line":14,"column":54},"end":{"line":14,"column":66}}],"line":14},"1":{"loc":{"start":{"line":16,"column":2},"end":{"line":18,"column":3}},"type":"if","locations":[{"start":{"line":16,"column":2},"end":{"line":18,"column":3}},{"start":{},"end":{}}],"line":16},"2":{"loc":{"start":{"line":26,"column":2},"end":{"line":32,"column":3}},"type":"if","locations":[{"start":{"line":26,"column":2},"end":{"line":32,"column":3}},{"start":{},"end":{}}],"line":26},"3":{"loc":{"start":{"line":35,"column":2},"end":{"line":41,"column":3}},"type":"if","locations":[{"start":{"line":35,"column":2},"end":{"line":41,"column":3}},{"start":{},"end":{}}],"line":35}},"s":{"0":1,"1":1,"2":1,"3":1,"4":1,"5":1,"6":1,"7":1,"8":0,"9":0,"10":0,"11":0,"12":0,"13":0,"14":0,"15":0,"16":1,"17":1,"18":0,"19":1,"20":0,"21":1,"22":0},"f":{"0":1,"1":0,"2":0,"3":0},"b":{"0":[1,1],"1":[1,0],"2":[0,0],"3":[0,0]},"_coverageSchema":"1a1c01bbd47fc00a2c39e90264f33305004495a9","hash":"25a9d8937228f6bb5945e79262fc2d29b0c8d941"}
,"C:\\Users\\lylli\\Documents\\Mental Health tracker App\\backend\\src\\config\\logger.js": {"path":"C:\\Users\\lylli\\Documents\\Mental Health tracker App\\backend\\src\\config\\logger.js","statementMap":{"0":{"start":{"line":1,"column":16},"end":{"line":1,"column":34}},"1":{"start":{"line":2,"column":13},"end":{"line":2,"column":28}},"2":{"start":{"line":5,"column":11},"end":{"line":5,"column":24}},"3":{"start":{"line":6,"column":16},"end":{"line":6,"column":50}},"4":{"start":{"line":7,"column":0},"end":{"line":9,"column":1}},"5":{"start":{"line":8,"column":2},"end":{"line":8,"column":24}},"6":{"start":{"line":12,"column":15},"end":{"line":38,"column":2}},"7":{"start":{"line":41,"column":0},"end":{"line":48,"column":1}},"8":{"start":{"line":42,"column":2},"end":{"line":47,"column":6}},"9":{"start":{"line":50,"column":0},"end":{"line":50,"column":24}}},"fnMap":{},"branchMap":{"0":{"loc":{"start":{"line":7,"column":0},"end":{"line":9,"column":1}},"type":"if","locations":[{"start":{"line":7,"column":0},"end":{"line":9,"column":1}},{"start":{},"end":{}}],"line":7},"1":{"loc":{"start":{"line":13,"column":9},"end":{"line":13,"column":40}},"type":"binary-expr","locations":[{"start":{"line":13,"column":9},"end":{"line":13,"column":30}},{"start":{"line":13,"column":34},"end":{"line":13,"column":40}}],"line":13},"2":{"loc":{"start":{"line":41,"column":0},"end":{"line":48,"column":1}},"type":"if","locations":[{"start":{"line":41,"column":0},"end":{"line":48,"column":1}},{"start":{},"end":{}}],"line":41}},"s":{"0":6,"1":6,"2":6,"3":6,"4":6,"5":0,"6":6,"7":6,"8":6,"9":6},"f":{},"b":{"0":[0,6],"1":[6,6],"2":[6,0]},"_coverageSchema":"1a1c01bbd47fc00a2c39e90264f33305004495a9","hash":"0a050c2ca0cd52e5c7dea8a013cb5487934e6cdd"}
,"C:\\Users\\lylli\\Documents\\Mental Health tracker App\\backend\\src\\controllers\\authController.js": {"path":"C:\\Users\\lylli\\Documents\\Mental Health tracker App\\backend\\src\\controllers\\authController.js","statementMap":{"0":{"start":{"line":1,"column":12},"end":{"line":1,"column":35}},"1":{"start":{"line":2,"column":13},"end":{"line":2,"column":38}},"2":{"start":{"line":3,"column":26},"end":{"line":3,"column":66}},"3":{"start":{"line":4,"column":15},"end":{"line":4,"column":42}},"4":{"start":{"line":9,"column":22},"end":{"line":15,"column":1}},"5":{"start":{"line":10,"column":2},"end":{"line":14,"column":4}},"6":{"start":{"line":20,"column":17},"end":{"line":68,"column":1}},"7":{"start":{"line":21,"column":2},"end":{"line":67,"column":3}},"8":{"start":{"line":22,"column":66},"end":{"line":22,"column":74}},"9":{"start":{"line":25,"column":4},"end":{"line":33,"column":5}},"10":{"start":{"line":26,"column":27},"end":{"line":26,"column":56}},"11":{"start":{"line":27,"column":6},"end":{"line":32,"column":7}},"12":{"start":{"line":28,"column":8},"end":{"line":31,"column":11}},"13":{"start":{"line":36,"column":17},"end":{"line":42,"column":6}},"14":{"start":{"line":45,"column":18},"end":{"line":45,"column":57}},"15":{"start":{"line":48,"column":4},"end":{"line":48,"column":93}},"16":{"start":{"line":50,"column":4},"end":{"line":63,"column":7}},"17":{"start":{"line":65,"column":4},"end":{"line":65,"column":65}},"18":{"start":{"line":66,"column":4},"end":{"line":66,"column":16}},"19":{"start":{"line":73,"column":14},"end":{"line":123,"column":1}},"20":{"start":{"line":74,"column":2},"end":{"line":122,"column":3}},"21":{"start":{"line":75,"column":32},"end":{"line":75,"column":40}},"22":{"start":{"line":78,"column":17},"end":{"line":78,"column":46}},"23":{"start":{"line":79,"column":4},"end":{"line":84,"column":5}},"24":{"start":{"line":80,"column":6},"end":{"line":83,"column":9}},"25":{"start":{"line":87,"column":28},"end":{"line":87,"column":83}},"26":{"start":{"line":88,"column":4},"end":{"line":94,"column":5}},"27":{"start":{"line":89,"column":6},"end":{"line":89,"column":65}},"28":{"start":{"line":90,"column":6},"end":{"line":93,"column":9}},"29":{"start":{"line":97,"column":4},"end":{"line":97,"column":45}},"30":{"start":{"line":100,"column":18},"end":{"line":100,"column":57}},"31":{"start":{"line":103,"column":4},"end":{"line":103,"column":60}},"32":{"start":{"line":105,"column":4},"end":{"line":118,"column":7}},"33":{"start":{"line":120,"column":4},"end":{"line":120,"column":58}},"34":{"start":{"line":121,"column":4},"end":{"line":121,"column":16}},"35":{"start":{"line":128,"column":19},"end":{"line":147,"column":1}},"36":{"start":{"line":129,"column":2},"end":{"line":146,"column":3}},"37":{"start":{"line":130,"column":17},"end":{"line":130,"column":53}},"38":{"start":{"line":132,"column":4},"end":{"line":137,"column":5}},"39":{"start":{"line":133,"column":6},"end":{"line":136,"column":9}},"40":{"start":{"line":139,"column":4},"end":{"line":142,"column":7}},"41":{"start":{"line":144,"column":4},"end":{"line":144,"column":89}},"42":{"start":{"line":145,"column":4},"end":{"line":145,"column":16}},"43":{"start":{"line":152,"column":22},"end":{"line":173,"column":1}},"44":{"start":{"line":153,"column":2},"end":{"line":172,"column":3}},"45":{"start":{"line":154,"column":46},"end":{"line":154,"column":54}},"46":{"start":{"line":156,"column":24},"end":{"line":160,"column":6}},"47":{"start":{"line":162,"column":4},"end":{"line":162,"column":69}},"48":{"start":{"line":164,"column":4},"end":{"line":168,"column":7}},"49":{"start":{"line":170,"column":4},"end":{"line":170,"column":92}},"50":{"start":{"line":171,"column":4},"end":{"line":171,"column":16}},"51":{"start":{"line":178,"column":26},"end":{"line":195,"column":1}},"52":{"start":{"line":179,"column":2},"end":{"line":194,"column":3}},"53":{"start":{"line":180,"column":24},"end":{"line":180,"column":32}},"54":{"start":{"line":182,"column":31},"end":{"line":182,"column":89}},"55":{"start":{"line":184,"column":4},"end":{"line":184,"column":73}},"56":{"start":{"line":186,"column":4},"end":{"line":190,"column":7}},"57":{"start":{"line":192,"column":4},"end":{"line":192,"column":96}},"58":{"start":{"line":193,"column":4},"end":{"line":193,"column":16}},"59":{"start":{"line":200,"column":22},"end":{"line":214,"column":1}},"60":{"start":{"line":201,"column":2},"end":{"line":213,"column":3}},"61":{"start":{"line":202,"column":4},"end":{"line":202,"column":46}},"62":{"start":{"line":204,"column":4},"end":{"line":204,"column":69}},"63":{"start":{"line":206,"column":4},"end":{"line":209,"column":7}},"64":{"start":{"line":211,"column":4},"end":{"line":211,"column":92}},"65":{"start":{"line":212,"column":4},"end":{"line":212,"column":16}},"66":{"start":{"line":219,"column":26},"end":{"line":242,"column":1}},"67":{"start":{"line":220,"column":2},"end":{"line":241,"column":3}},"68":{"start":{"line":222,"column":26},"end":{"line":222,"column":71}},"69":{"start":{"line":225,"column":25},"end":{"line":225,"column":80}},"70":{"start":{"line":227,"column":4},"end":{"line":227,"column":70}},"71":{"start":{"line":229,"column":4},"end":{"line":237,"column":7}},"72":{"start":{"line":239,"column":4},"end":{"line":239,"column":89}},"73":{"start":{"line":240,"column":4},"end":{"line":240,"column":16}},"74":{"start":{"line":247,"column":27},"end":{"line":263,"column":1}},"75":{"start":{"line":248,"column":2},"end":{"line":262,"column":3}},"76":{"start":{"line":250,"column":25},"end":{"line":250,"column":80}},"77":{"start":{"line":252,"column":4},"end":{"line":252,"column":71}},"78":{"start":{"line":255,"column":4},"end":{"line":255,"column":54}},"79":{"start":{"line":256,"column":4},"end":{"line":256,"column":92}},"80":{"start":{"line":258,"column":4},"end":{"line":258,"column":32}},"81":{"start":{"line":260,"column":4},"end":{"line":260,"column":98}},"82":{"start":{"line":261,"column":4},"end":{"line":261,"column":16}},"83":{"start":{"line":268,"column":31},"end":{"line":291,"column":1}},"84":{"start":{"line":269,"column":2},"end":{"line":290,"column":3}},"85":{"start":{"line":270,"column":30},"end":{"line":270,"column":38}},"86":{"start":{"line":272,"column":4},"end":{"line":277,"column":5}},"87":{"start":{"line":273,"column":6},"end":{"line":276,"column":9}},"88":{"start":{"line":279,"column":4},"end":{"line":279,"column":60}},"89":{"start":{"line":281,"column":4},"end":{"line":281,"column":81}},"90":{"start":{"line":283,"column":4},"end":{"line":286,"column":7}},"91":{"start":{"line":288,"column":4},"end":{"line":288,"column":94}},"92":{"start":{"line":289,"column":4},"end":{"line":289,"column":16}},"93":{"start":{"line":298,"column":21},"end":{"line":342,"column":1}},"94":{"start":{"line":299,"column":2},"end":{"line":341,"column":3}},"95":{"start":{"line":300,"column":23},"end":{"line":300,"column":51}},"96":{"start":{"line":301,"column":18},"end":{"line":301,"column":56}},"97":{"start":{"line":303,"column":4},"end":{"line":308,"column":5}},"98":{"start":{"line":304,"column":6},"end":{"line":307,"column":9}},"99":{"start":{"line":311,"column":4},"end":{"line":319,"column":5}},"100":{"start":{"line":312,"column":6},"end":{"line":312,"column":86}},"101":{"start":{"line":314,"column":6},"end":{"line":314,"column":74}},"102":{"start":{"line":315,"column":6},"end":{"line":318,"column":9}},"103":{"start":{"line":321,"column":4},"end":{"line":326,"column":5}},"104":{"start":{"line":322,"column":6},"end":{"line":325,"column":9}},"105":{"start":{"line":329,"column":21},"end":{"line":329,"column":65}},"106":{"start":{"line":331,"column":4},"end":{"line":331,"column":63}},"107":{"start":{"line":333,"column":4},"end":{"line":337,"column":7}},"108":{"start":{"line":339,"column":4},"end":{"line":339,"column":66}},"109":{"start":{"line":340,"column":4},"end":{"line":340,"column":16}},"110":{"start":{"line":344,"column":0},"end":{"line":355,"column":2}}},"fnMap":{"0":{"name":"(anonymous_0)","decl":{"start":{"line":9,"column":22},"end":{"line":9,"column":23}},"loc":{"start":{"line":9,"column":41},"end":{"line":15,"column":1}},"line":9},"1":{"name":"(anonymous_1)","decl":{"start":{"line":20,"column":17},"end":{"line":20,"column":18}},"loc":{"start":{"line":20,"column":43},"end":{"line":68,"column":1}},"line":20},"2":{"name":"(anonymous_2)","decl":{"start":{"line":73,"column":14},"end":{"line":73,"column":15}},"loc":{"start":{"line":73,"column":40},"end":{"line":123,"column":1}},"line":73},"3":{"name":"(anonymous_3)","decl":{"start":{"line":128,"column":19},"end":{"line":128,"column":20}},"loc":{"start":{"line":128,"column":45},"end":{"line":147,"column":1}},"line":128},"4":{"name":"(anonymous_4)","decl":{"start":{"line":152,"column":22},"end":{"line":152,"column":23}},"loc":{"start":{"line":152,"column":48},"end":{"line":173,"column":1}},"line":152},"5":{"name":"(anonymous_5)","decl":{"start":{"line":178,"column":26},"end":{"line":178,"column":27}},"loc":{"start":{"line":178,"column":52},"end":{"line":195,"column":1}},"line":178},"6":{"name":"(anonymous_6)","decl":{"start":{"line":200,"column":22},"end":{"line":200,"column":23}},"loc":{"start":{"line":200,"column":48},"end":{"line":214,"column":1}},"line":200},"7":{"name":"(anonymous_7)","decl":{"start":{"line":219,"column":26},"end":{"line":219,"column":27}},"loc":{"start":{"line":219,"column":52},"end":{"line":242,"column":1}},"line":219},"8":{"name":"(anonymous_8)","decl":{"start":{"line":247,"column":27},"end":{"line":247,"column":28}},"loc":{"start":{"line":247,"column":53},"end":{"line":263,"column":1}},"line":247},"9":{"name":"(anonymous_9)","decl":{"start":{"line":268,"column":31},"end":{"line":268,"column":32}},"loc":{"start":{"line":268,"column":57},"end":{"line":291,"column":1}},"line":268},"10":{"name":"(anonymous_10)","decl":{"start":{"line":298,"column":21},"end":{"line":298,"column":22}},"loc":{"start":{"line":298,"column":47},"end":{"line":342,"column":1}},"line":298}},"branchMap":{"0":{"loc":{"start":{"line":13,"column":17},"end":{"line":13,"column":47}},"type":"binary-expr","locations":[{"start":{"line":13,"column":17},"end":{"line":13,"column":39}},{"start":{"line":13,"column":43},"end":{"line":13,"column":47}}],"line":13},"1":{"loc":{"start":{"line":25,"column":4},"end":{"line":33,"column":5}},"type":"if","locations":[{"start":{"line":25,"column":4},"end":{"line":33,"column":5}},{"start":{},"end":{}}],"line":25},"2":{"loc":{"start":{"line":25,"column":8},"end":{"line":25,"column":29}},"type":"binary-expr","locations":[{"start":{"line":25,"column":8},"end":{"line":25,"column":20}},{"start":{"line":25,"column":24},"end":{"line":25,"column":29}}],"line":25},"3":{"loc":{"start":{"line":27,"column":6},"end":{"line":32,"column":7}},"type":"if","locations":[{"start":{"line":27,"column":6},"end":{"line":32,"column":7}},{"start":{},"end":{}}],"line":27},"4":{"loc":{"start":{"line":40,"column":19},"end":{"line":40,"column":39}},"type":"binary-expr","locations":[{"start":{"line":40,"column":19},"end":{"line":40,"column":30}},{"start":{"line":40,"column":34},"end":{"line":40,"column":39}}],"line":40},"5":{"loc":{"start":{"line":79,"column":4},"end":{"line":84,"column":5}},"type":"if","locations":[{"start":{"line":79,"column":4},"end":{"line":84,"column":5}},{"start":{},"end":{}}],"line":79},"6":{"loc":{"start":{"line":88,"column":4},"end":{"line":94,"column":5}},"type":"if","locations":[{"start":{"line":88,"column":4},"end":{"line":94,"column":5}},{"start":{},"end":{}}],"line":88},"7":{"loc":{"start":{"line":132,"column":4},"end":{"line":137,"column":5}},"type":"if","locations":[{"start":{"line":132,"column":4},"end":{"line":137,"column":5}},{"start":{},"end":{}}],"line":132},"8":{"loc":{"start":{"line":272,"column":4},"end":{"line":277,"column":5}},"type":"if","locations":[{"start":{"line":272,"column":4},"end":{"line":277,"column":5}},{"start":{},"end":{}}],"line":272},"9":{"loc":{"start":{"line":301,"column":18},"end":{"line":301,"column":56}},"type":"binary-expr","locations":[{"start":{"line":301,"column":18},"end":{"line":301,"column":28}},{"start":{"line":301,"column":32},"end":{"line":301,"column":56}}],"line":301},"10":{"loc":{"start":{"line":303,"column":4},"end":{"line":308,"column":5}},"type":"if","locations":[{"start":{"line":303,"column":4},"end":{"line":308,"column":5}},{"start":{},"end":{}}],"line":303},"11":{"loc":{"start":{"line":321,"column":4},"end":{"line":326,"column":5}},"type":"if","locations":[{"start":{"line":321,"column":4},"end":{"line":326,"column":5}},{"start":{},"end":{}}],"line":321},"12":{"loc":{"start":{"line":321,"column":8},"end":{"line":321,"column":41}},"type":"binary-expr","locations":[{"start":{"line":321,"column":8},"end":{"line":321,"column":23}},{"start":{"line":321,"column":27},"end":{"line":321,"column":41}}],"line":321}},"s":{"0":1,"1":1,"2":1,"3":1,"4":1,"5":2,"6":1,"7":0,"8":0,"9":0,"10":0,"11":0,"12":0,"13":0,"14":0,"15":0,"16":0,"17":0,"18":0,"19":1,"20":0,"21":0,"22":0,"23":0,"24":0,"25":0,"26":0,"27":0,"28":0,"29":0,"30":0,"31":0,"32":0,"33":0,"34":0,"35":1,"36":0,"37":0,"38":0,"39":0,"40":0,"41":0,"42":0,"43":1,"44":0,"45":0,"46":0,"47":0,"48":0,"49":0,"50":0,"51":1,"52":0,"53":0,"54":0,"55":0,"56":0,"57":0,"58":0,"59":1,"60":0,"61":0,"62":0,"63":0,"64":0,"65":0,"66":1,"67":0,"68":0,"69":0,"70":0,"71":0,"72":0,"73":0,"74":1,"75":0,"76":0,"77":0,"78":0,"79":0,"80":0,"81":0,"82":0,"83":1,"84":0,"85":0,"86":0,"87":0,"88":0,"89":0,"90":0,"91":0,"92":0,"93":1,"94":4,"95":4,"96":4,"97":4,"98":1,"99":3,"100":3,"101":1,"102":1,"103":2,"104":0,"105":2,"106":2,"107":2,"108":0,"109":0,"110":1},"f":{"0":2,"1":0,"2":0,"3":0,"4":0,"5":0,"6":0,"7":0,"8":0,"9":0,"10":4},"b":{"0":[2,0],"1":[0,0],"2":[0,0],"3":[0,0],"4":[0,0],"5":[0,0],"6":[0,0],"7":[0,0],"8":[0,0],"9":[4,3],"10":[1,3],"11":[0,2],"12":[2,2]},"_coverageSchema":"1a1c01bbd47fc00a2c39e90264f33305004495a9","hash":"92bb8e40295ebcb397c401f13ffa36b30326f421"}
,"C:\\Users\\lylli\\Documents\\Mental Health tracker App\\backend\\src\\controllers\\pushController.js": {"path":"C:\\Users\\lylli\\Documents\\Mental Health tracker App\\backend\\src\\controllers\\pushController.js","statementMap":{"0":{"start":{"line":1,"column":25},"end":{"line":1,"column":62}},"1":{"start":{"line":2,"column":15},"end":{"line":2,"column":42}},"2":{"start":{"line":12,"column":18},"end":{"line":37,"column":1}},"3":{"start":{"line":13,"column":2},"end":{"line":36,"column":3}},"4":{"start":{"line":14,"column":31},"end":{"line":14,"column":45}},"5":{"start":{"line":15,"column":4},"end":{"line":20,"column":5}},"6":{"start":{"line":16,"column":6},"end":{"line":19,"column":9}},"7":{"start":{"line":21,"column":19},"end":{"line":21,"column":46}},"8":{"start":{"line":22,"column":16},"end":{"line":27,"column":6}},"9":{"start":{"line":28,"column":4},"end":{"line":32,"column":7}},"10":{"start":{"line":33,"column":4},"end":{"line":33,"column":86}},"11":{"start":{"line":35,"column":4},"end":{"line":35,"column":21}},"12":{"start":{"line":43,"column":20},"end":{"line":55,"column":1}},"13":{"start":{"line":44,"column":2},"end":{"line":54,"column":3}},"14":{"start":{"line":45,"column":21},"end":{"line":45,"column":89}},"15":{"start":{"line":46,"column":4},"end":{"line":48,"column":5}},"16":{"start":{"line":47,"column":6},"end":{"line":47,"column":85}},"17":{"start":{"line":49,"column":20},"end":{"line":49,"column":86}},"18":{"start":{"line":50,"column":4},"end":{"line":50,"column":83}},"19":{"start":{"line":51,"column":4},"end":{"line":51,"column":58}},"20":{"start":{"line":53,"column":4},"end":{"line":53,"column":21}},"21":{"start":{"line":64,"column":23},"end":{"line":67,"column":1}},"22":{"start":{"line":65,"column":20},"end":{"line":65,"column":56}},"23":{"start":{"line":66,"column":2},"end":{"line":66,"column":58}},"24":{"start":{"line":69,"column":0},"end":{"line":73,"column":2}}},"fnMap":{"0":{"name":"(anonymous_0)","decl":{"start":{"line":12,"column":18},"end":{"line":12,"column":19}},"loc":{"start":{"line":12,"column":44},"end":{"line":37,"column":1}},"line":12},"1":{"name":"(anonymous_1)","decl":{"start":{"line":43,"column":20},"end":{"line":43,"column":21}},"loc":{"start":{"line":43,"column":46},"end":{"line":55,"column":1}},"line":43},"2":{"name":"(anonymous_2)","decl":{"start":{"line":64,"column":23},"end":{"line":64,"column":24}},"loc":{"start":{"line":64,"column":37},"end":{"line":67,"column":1}},"line":64}},"branchMap":{"0":{"loc":{"start":{"line":14,"column":31},"end":{"line":14,"column":45}},"type":"binary-expr","locations":[{"start":{"line":14,"column":31},"end":{"line":14,"column":39}},{"start":{"line":14,"column":43},"end":{"line":14,"column":45}}],"line":14},"1":{"loc":{"start":{"line":15,"column":4},"end":{"line":20,"column":5}},"type":"if","locations":[{"start":{"line":15,"column":4},"end":{"line":20,"column":5}},{"start":{},"end":{}}],"line":15},"2":{"loc":{"start":{"line":15,"column":8},"end":{"line":15,"column":56}},"type":"binary-expr","locations":[{"start":{"line":15,"column":8},"end":{"line":15,"column":17}},{"start":{"line":15,"column":21},"end":{"line":15,"column":26}},{"start":{"line":15,"column":30},"end":{"line":15,"column":42}},{"start":{"line":15,"column":46},"end":{"line":15,"column":56}}],"line":15},"3":{"loc":{"start":{"line":21,"column":19},"end":{"line":21,"column":46}},"type":"binary-expr","locations":[{"start":{"line":21,"column":19},"end":{"line":21,"column":27}},{"start":{"line":21,"column":31},"end":{"line":21,"column":46}}],"line":21},"4":{"loc":{"start":{"line":26,"column":17},"end":{"line":26,"column":59}},"type":"binary-expr","locations":[{"start":{"line":26,"column":18},"end":{"line":26,"column":25}},{"start":{"line":26,"column":29},"end":{"line":26,"column":50}},{"start":{"line":26,"column":55},"end":{"line":26,"column":59}}],"line":26},"5":{"loc":{"start":{"line":45,"column":21},"end":{"line":45,"column":89}},"type":"binary-expr","locations":[{"start":{"line":45,"column":22},"end":{"line":45,"column":30}},{"start":{"line":45,"column":34},"end":{"line":45,"column":51}},{"start":{"line":45,"column":57},"end":{"line":45,"column":66}},{"start":{"line":45,"column":70},"end":{"line":45,"column":88}}],"line":45},"6":{"loc":{"start":{"line":46,"column":4},"end":{"line":48,"column":5}},"type":"if","locations":[{"start":{"line":46,"column":4},"end":{"line":48,"column":5}},{"start":{},"end":{}}],"line":46},"7":{"loc":{"start":{"line":65,"column":20},"end":{"line":65,"column":56}},"type":"binary-expr","locations":[{"start":{"line":65,"column":20},"end":{"line":65,"column":48}},{"start":{"line":65,"column":52},"end":{"line":65,"column":56}}],"line":65}},"s":{"0":1,"1":1,"2":1,"3":5,"4":5,"5":5,"6":3,"7":2,"8":2,"9":1,"10":1,"11":1,"12":1,"13":3,"14":3,"15":3,"16":1,"17":2,"18":2,"19":2,"20":0,"21":1,"22":2,"23":2,"24":1},"f":{"0":5,"1":3,"2":2},"b":{"0":[5,0],"1":[3,2],"2":[5,4,3,2],"3":[2,2],"4":[2,2,0],"5":[3,3,2,2],"6":[1,2],"7":[2,1]},"_coverageSchema":"1a1c01bbd47fc00a2c39e90264f33305004495a9","hash":"34ae8bbdeeb05acbf429bfafa6f671551461d040"}
,"C:\\Users\\lylli\\Documents\\Mental Health tracker App\\backend\\src\\middleware\\auth.js": {"path":"C:\\Users\\lylli\\Documents\\Mental Health tracker App\\backend\\src\\middleware\\auth.js","statementMap":{"0":{"start":{"line":1,"column":12},"end":{"line":1,"column":35}},"1":{"start":{"line":2,"column":15},"end":{"line":2,"column":42}},"2":{"start":{"line":7,"column":26},"end":{"line":30,"column":1}},"3":{"start":{"line":8,"column":21},"end":{"line":8,"column":49}},"4":{"start":{"line":9,"column":16},"end":{"line":9,"column":54}},"5":{"start":{"line":11,"column":2},"end":{"line":16,"column":3}},"6":{"start":{"line":12,"column":4},"end":{"line":15,"column":7}},"7":{"start":{"line":18,"column":2},"end":{"line":29,"column":5}},"8":{"start":{"line":19,"column":4},"end":{"line":25,"column":5}},"9":{"start":{"line":20,"column":6},"end":{"line":20,"column":59}},"10":{"start":{"line":21,"column":6},"end":{"line":24,"column":9}},"11":{"start":{"line":27,"column":4},"end":{"line":27,"column":20}},"12":{"start":{"line":28,"column":4},"end":{"line":28,"column":11}},"13":{"start":{"line":35,"column":21},"end":{"line":52,"column":1}},"14":{"start":{"line":36,"column":21},"end":{"line":36,"column":49}},"15":{"start":{"line":37,"column":16},"end":{"line":37,"column":54}},"16":{"start":{"line":39,"column":2},"end":{"line":42,"column":3}},"17":{"start":{"line":40,"column":4},"end":{"line":40,"column":20}},"18":{"start":{"line":41,"column":4},"end":{"line":41,"column":18}},"19":{"start":{"line":44,"column":2},"end":{"line":51,"column":5}},"20":{"start":{"line":45,"column":4},"end":{"line":49,"column":5}},"21":{"start":{"line":46,"column":6},"end":{"line":46,"column":22}},"22":{"start":{"line":48,"column":6},"end":{"line":48,"column":22}},"23":{"start":{"line":50,"column":4},"end":{"line":50,"column":11}},"24":{"start":{"line":57,"column":18},"end":{"line":75,"column":1}},"25":{"start":{"line":58,"column":2},"end":{"line":74,"column":4}},"26":{"start":{"line":59,"column":4},"end":{"line":64,"column":5}},"27":{"start":{"line":60,"column":6},"end":{"line":63,"column":9}},"28":{"start":{"line":66,"column":4},"end":{"line":71,"column":5}},"29":{"start":{"line":67,"column":6},"end":{"line":70,"column":9}},"30":{"start":{"line":73,"column":4},"end":{"line":73,"column":11}},"31":{"start":{"line":77,"column":0},"end":{"line":81,"column":2}}},"fnMap":{"0":{"name":"(anonymous_0)","decl":{"start":{"line":7,"column":26},"end":{"line":7,"column":27}},"loc":{"start":{"line":7,"column":46},"end":{"line":30,"column":1}},"line":7},"1":{"name":"(anonymous_1)","decl":{"start":{"line":18,"column":44},"end":{"line":18,"column":45}},"loc":{"start":{"line":18,"column":59},"end":{"line":29,"column":3}},"line":18},"2":{"name":"(anonymous_2)","decl":{"start":{"line":35,"column":21},"end":{"line":35,"column":22}},"loc":{"start":{"line":35,"column":41},"end":{"line":52,"column":1}},"line":35},"3":{"name":"(anonymous_3)","decl":{"start":{"line":44,"column":44},"end":{"line":44,"column":45}},"loc":{"start":{"line":44,"column":59},"end":{"line":51,"column":3}},"line":44},"4":{"name":"(anonymous_4)","decl":{"start":{"line":57,"column":18},"end":{"line":57,"column":19}},"loc":{"start":{"line":57,"column":39},"end":{"line":75,"column":1}},"line":57},"5":{"name":"(anonymous_5)","decl":{"start":{"line":58,"column":9},"end":{"line":58,"column":10}},"loc":{"start":{"line":58,"column":29},"end":{"line":74,"column":3}},"line":58}},"branchMap":{"0":{"loc":{"start":{"line":9,"column":16},"end":{"line":9,"column":54}},"type":"binary-expr","locations":[{"start":{"line":9,"column":16},"end":{"line":9,"column":26}},{"start":{"line":9,"column":30},"end":{"line":9,"column":54}}],"line":9},"1":{"loc":{"start":{"line":11,"column":2},"end":{"line":16,"column":3}},"type":"if","locations":[{"start":{"line":11,"column":2},"end":{"line":16,"column":3}},{"start":{},"end":{}}],"line":11},"2":{"loc":{"start":{"line":19,"column":4},"end":{"line":25,"column":5}},"type":"if","locations":[{"start":{"line":19,"column":4},"end":{"line":25,"column":5}},{"start":{},"end":{}}],"line":19},"3":{"loc":{"start":{"line":37,"column":16},"end":{"line":37,"column":54}},"type":"binary-expr","locations":[{"start":{"line":37,"column":16},"end":{"line":37,"column":26}},{"start":{"line":37,"column":30},"end":{"line":37,"column":54}}],"line":37},"4":{"loc":{"start":{"line":39,"column":2},"end":{"line":42,"column":3}},"type":"if","locations":[{"start":{"line":39,"column":2},"end":{"line":42,"column":3}},{"start":{},"end":{}}],"line":39},"5":{"loc":{"start":{"line":45,"column":4},"end":{"line":49,"column":5}},"type":"if","locations":[{"start":{"line":45,"column":4},"end":{"line":49,"column":5}},{"start":{"line":47,"column":11},"end":{"line":49,"column":5}}],"line":45},"6":{"loc":{"start":{"line":59,"column":4},"end":{"line":64,"column":5}},"type":"if","locations":[{"start":{"line":59,"column":4},"end":{"line":64,"column":5}},{"start":{},"end":{}}],"line":59},"7":{"loc":{"start":{"line":66,"column":4},"end":{"line":71,"column":5}},"type":"if","locations":[{"start":{"line":66,"column":4},"end":{"line":71,"column":5}},{"start":{},"end":{}}],"line":66},"8":{"loc":{"start":{"line":66,"column":8},"end":{"line":66,"column":68}},"type":"binary-expr","locations":[{"start":{"line":66,"column":8},"end":{"line":66,"column":27}},{"start":{"line":66,"column":31},"end":{"line":66,"column":68}}],"line":66}},"s":{"0":1,"1":1,"2":1,"3":4,"4":4,"5":4,"6":1,"7":3,"8":3,"9":2,"10":2,"11":1,"12":1,"13":1,"14":3,"15":3,"16":3,"17":1,"18":1,"19":2,"20":2,"21":1,"22":1,"23":2,"24":1,"25":4,"26":4,"27":1,"28":3,"29":1,"30":2,"31":1},"f":{"0":4,"1":3,"2":3,"3":2,"4":4,"5":4},"b":{"0":[4,3],"1":[1,3],"2":[2,1],"3":[3,2],"4":[1,2],"5":[1,1],"6":[1,3],"7":[1,2],"8":[3,2]},"_coverageSchema":"1a1c01bbd47fc00a2c39e90264f33305004495a9","hash":"7cab16a3d46d0c2e056ed4e722771a1ea4cbfafa"}
,"C:\\Users\\lylli\\Documents\\Mental Health tracker App\\backend\\src\\middleware\\errorHandler.js": {"path":"C:\\Users\\lylli\\Documents\\Mental Health tracker App\\backend\\src\\middleware\\errorHandler.js","statementMap":{"0":{"start":{"line":1,"column":15},"end":{"line":1,"column":42}},"1":{"start":{"line":6,"column":21},"end":{"line":30,"column":1}},"2":{"start":{"line":8,"column":2},"end":{"line":16,"column":5}},"3":{"start":{"line":19,"column":21},"end":{"line":19,"column":42}},"4":{"start":{"line":20,"column":18},"end":{"line":20,"column":56}},"5":{"start":{"line":21,"column":23},"end":{"line":21,"column":60}},"6":{"start":{"line":24,"column":2},"end":{"line":29,"column":5}},"7":{"start":{"line":35,"column":17},"end":{"line":39,"column":1}},"8":{"start":{"line":36,"column":16},"end":{"line":36,"column":59}},"9":{"start":{"line":37,"column":2},"end":{"line":37,"column":25}},"10":{"start":{"line":38,"column":2},"end":{"line":38,"column":14}},"11":{"start":{"line":41,"column":0},"end":{"line":44,"column":2}}},"fnMap":{"0":{"name":"(anonymous_0)","decl":{"start":{"line":6,"column":21},"end":{"line":6,"column":22}},"loc":{"start":{"line":6,"column":47},"end":{"line":30,"column":1}},"line":6},"1":{"name":"(anonymous_1)","decl":{"start":{"line":35,"column":17},"end":{"line":35,"column":18}},"loc":{"start":{"line":35,"column":37},"end":{"line":39,"column":1}},"line":35}},"branchMap":{"0":{"loc":{"start":{"line":19,"column":21},"end":{"line":19,"column":42}},"type":"binary-expr","locations":[{"start":{"line":19,"column":21},"end":{"line":19,"column":35}},{"start":{"line":19,"column":39},"end":{"line":19,"column":42}}],"line":19},"1":{"loc":{"start":{"line":20,"column":18},"end":{"line":20,"column":56}},"type":"binary-expr","locations":[{"start":{"line":20,"column":18},"end":{"line":20,"column":29}},{"start":{"line":20,"column":33},"end":{"line":20,"column":56}}],"line":20},"2":{"loc":{"start":{"line":26,"column":13},"end":{"line":26,"column":57}},"type":"cond-expr","locations":[{"start":{"line":26,"column":28},"end":{"line":26,"column":47}},{"start":{"line":26,"column":50},"end":{"line":26,"column":57}}],"line":26},"3":{"loc":{"start":{"line":28,"column":8},"end":{"line":28,"column":45}},"type":"binary-expr","locations":[{"start":{"line":28,"column":8},"end":{"line":28,"column":21}},{"start":{"line":28,"column":25},"end":{"line":28,"column":45}}],"line":28}},"s":{"0":1,"1":1,"2":5,"3":5,"4":5,"5":5,"6":5,"7":1,"8":1,"9":1,"10":1,"11":1},"f":{"0":5,"1":1},"b":{"0":[5,4],"1":[5,0],"2":[1,4],"3":[5,4]},"_coverageSchema":"1a1c01bbd47fc00a2c39e90264f33305004495a9","hash":"a7ad85f9cf16354f3f8ded1df12b36b783b80f80"}
,"C:\\Users\\lylli\\Documents\\Mental Health tracker App\\backend\\src\\middleware\\validation.js": {"path":"C:\\Users\\lylli\\Documents\\Mental Health tracker App\\backend\\src\\middleware\\validation.js","statementMap":{"0":{"start":{"line":1,"column":29},"end":{"line":1,"column":57}},"1":{"start":{"line":6,"column":17},"end":{"line":22,"column":1}},"2":{"start":{"line":7,"column":17},"end":{"line":7,"column":38}},"3":{"start":{"line":9,"column":2},"end":{"line":19,"column":3}},"4":{"start":{"line":10,"column":4},"end":{"line":18,"column":7}},"5":{"start":{"line":13,"column":41},"end":{"line":17,"column":7}},"6":{"start":{"line":21,"column":2},"end":{"line":21,"column":9}},"7":{"start":{"line":24,"column":0},"end":{"line":24,"column":26}}},"fnMap":{"0":{"name":"(anonymous_0)","decl":{"start":{"line":6,"column":17},"end":{"line":6,"column":18}},"loc":{"start":{"line":6,"column":37},"end":{"line":22,"column":1}},"line":6},"1":{"name":"(anonymous_1)","decl":{"start":{"line":13,"column":33},"end":{"line":13,"column":34}},"loc":{"start":{"line":13,"column":41},"end":{"line":17,"column":7}},"line":13}},"branchMap":{"0":{"loc":{"start":{"line":9,"column":2},"end":{"line":19,"column":3}},"type":"if","locations":[{"start":{"line":9,"column":2},"end":{"line":19,"column":3}},{"start":{},"end":{}}],"line":9},"1":{"loc":{"start":{"line":15,"column":15},"end":{"line":15,"column":49}},"type":"binary-expr","locations":[{"start":{"line":15,"column":15},"end":{"line":15,"column":23}},{"start":{"line":15,"column":27},"end":{"line":15,"column":36}},{"start":{"line":15,"column":40},"end":{"line":15,"column":49}}],"line":15}},"s":{"0":1,"1":1,"2":3,"3":3,"4":1,"5":1,"6":2,"7":1},"f":{"0":3,"1":1},"b":{"0":[1,2],"1":[1,0,0]},"_coverageSchema":"1a1c01bbd47fc00a2c39e90264f33305004495a9","hash":"778b15fbb12558bf4712cc0e50938d5c64317027"}
,"C:\\Users\\lylli\\Documents\\Mental Health tracker App\\backend\\src\\models\\User.js": {"path":"C:\\Users\\lylli\\Documents\\Mental Health tracker App\\backend\\src\\models\\User.js","statementMap":{"0":{"start":{"line":1,"column":11},"end":{"line":1,"column":40}},"1":{"start":{"line":2,"column":15},"end":{"line":2,"column":34}},"2":{"start":{"line":3,"column":23},"end":{"line":3,"column":38}},"3":{"start":{"line":10,"column":19},"end":{"line":10,"column":27}},"4":{"start":{"line":11,"column":25},"end":{"line":11,"column":56}},"5":{"start":{"line":13,"column":18},"end":{"line":17,"column":5}},"6":{"start":{"line":19,"column":19},"end":{"line":26,"column":5}},"7":{"start":{"line":28,"column":19},"end":{"line":28,"column":48}},"8":{"start":{"line":31,"column":4},"end":{"line":31,"column":48}},"9":{"start":{"line":33,"column":4},"end":{"line":33,"column":26}},"10":{"start":{"line":40,"column":18},"end":{"line":44,"column":5}},"11":{"start":{"line":46,"column":4},"end":{"line":46,"column":43}},"12":{"start":{"line":53,"column":18},"end":{"line":56,"column":5}},"13":{"start":{"line":58,"column":19},"end":{"line":58,"column":49}},"14":{"start":{"line":59,"column":4},"end":{"line":59,"column":26}},"15":{"start":{"line":66,"column":18},"end":{"line":75,"column":5}},"16":{"start":{"line":77,"column":19},"end":{"line":77,"column":50}},"17":{"start":{"line":78,"column":4},"end":{"line":78,"column":26}},"18":{"start":{"line":85,"column":4},"end":{"line":85,"column":63}},"19":{"start":{"line":92,"column":18},"end":{"line":96,"column":5}},"20":{"start":{"line":98,"column":4},"end":{"line":98,"column":36}},"21":{"start":{"line":105,"column":26},"end":{"line":105,"column":64}},"22":{"start":{"line":106,"column":19},"end":{"line":106,"column":21}},"23":{"start":{"line":107,"column":19},"end":{"line":107,"column":21}},"24":{"start":{"line":108,"column":21},"end":{"line":108,"column":22}},"25":{"start":{"line":110,"column":4},"end":{"line":116,"column":7}},"26":{"start":{"line":111,"column":6},"end":{"line":115,"column":7}},"27":{"start":{"line":112,"column":8},"end":{"line":112,"column":47}},"28":{"start":{"line":113,"column":8},"end":{"line":113,"column":34}},"29":{"start":{"line":114,"column":8},"end":{"line":114,"column":21}},"30":{"start":{"line":118,"column":4},"end":{"line":120,"column":5}},"31":{"start":{"line":119,"column":6},"end":{"line":119,"column":51}},"32":{"start":{"line":122,"column":4},"end":{"line":122,"column":24}},"33":{"start":{"line":123,"column":18},"end":{"line":128,"column":5}},"34":{"start":{"line":130,"column":19},"end":{"line":130,"column":48}},"35":{"start":{"line":131,"column":4},"end":{"line":131,"column":26}},"36":{"start":{"line":138,"column":26},"end":{"line":141,"column":5}},"37":{"start":{"line":143,"column":19},"end":{"line":143,"column":21}},"38":{"start":{"line":144,"column":19},"end":{"line":144,"column":21}},"39":{"start":{"line":145,"column":21},"end":{"line":145,"column":22}},"40":{"start":{"line":147,"column":4},"end":{"line":153,"column":7}},"41":{"start":{"line":148,"column":6},"end":{"line":152,"column":7}},"42":{"start":{"line":149,"column":8},"end":{"line":149,"column":47}},"43":{"start":{"line":150,"column":8},"end":{"line":150,"column":38}},"44":{"start":{"line":151,"column":8},"end":{"line":151,"column":21}},"45":{"start":{"line":155,"column":4},"end":{"line":157,"column":5}},"46":{"start":{"line":156,"column":6},"end":{"line":156,"column":51}},"47":{"start":{"line":159,"column":4},"end":{"line":159,"column":24}},"48":{"start":{"line":160,"column":18},"end":{"line":165,"column":5}},"49":{"start":{"line":167,"column":19},"end":{"line":167,"column":48}},"50":{"start":{"line":168,"column":4},"end":{"line":168,"column":26}},"51":{"start":{"line":175,"column":18},"end":{"line":183,"column":5}},"52":{"start":{"line":185,"column":19},"end":{"line":185,"column":50}},"53":{"start":{"line":186,"column":4},"end":{"line":186,"column":26}},"54":{"start":{"line":193,"column":22},"end":{"line":193,"column":30}},"55":{"start":{"line":194,"column":18},"end":{"line":198,"column":5}},"56":{"start":{"line":200,"column":19},"end":{"line":200,"column":61}},"57":{"start":{"line":201,"column":4},"end":{"line":201,"column":26}},"58":{"start":{"line":205,"column":0},"end":{"line":205,"column":22}}},"fnMap":{"0":{"name":"(anonymous_0)","decl":{"start":{"line":9,"column":2},"end":{"line":9,"column":3}},"loc":{"start":{"line":9,"column":85},"end":{"line":34,"column":3}},"line":9},"1":{"name":"(anonymous_1)","decl":{"start":{"line":39,"column":2},"end":{"line":39,"column":3}},"loc":{"start":{"line":39,"column":48},"end":{"line":47,"column":3}},"line":39},"2":{"name":"(anonymous_2)","decl":{"start":{"line":52,"column":2},"end":{"line":52,"column":3}},"loc":{"start":{"line":52,"column":34},"end":{"line":60,"column":3}},"line":52},"3":{"name":"(anonymous_3)","decl":{"start":{"line":65,"column":2},"end":{"line":65,"column":3}},"loc":{"start":{"line":65,"column":32},"end":{"line":79,"column":3}},"line":65},"4":{"name":"(anonymous_4)","decl":{"start":{"line":84,"column":2},"end":{"line":84,"column":3}},"loc":{"start":{"line":84,"column":61},"end":{"line":86,"column":3}},"line":84},"5":{"name":"(anonymous_5)","decl":{"start":{"line":91,"column":2},"end":{"line":91,"column":3}},"loc":{"start":{"line":91,"column":39},"end":{"line":99,"column":3}},"line":91},"6":{"name":"(anonymous_6)","decl":{"start":{"line":104,"column":2},"end":{"line":104,"column":3}},"loc":{"start":{"line":104,"column":46},"end":{"line":132,"column":3}},"line":104},"7":{"name":"(anonymous_7)","decl":{"start":{"line":110,"column":33},"end":{"line":110,"column":34}},"loc":{"start":{"line":110,"column":40},"end":{"line":116,"column":5}},"line":110},"8":{"name":"(anonymous_8)","decl":{"start":{"line":137,"column":2},"end":{"line":137,"column":3}},"loc":{"start":{"line":137,"column":54},"end":{"line":169,"column":3}},"line":137},"9":{"name":"(anonymous_9)","decl":{"start":{"line":147,"column":37},"end":{"line":147,"column":38}},"loc":{"start":{"line":147,"column":44},"end":{"line":153,"column":5}},"line":147},"10":{"name":"(anonymous_10)","decl":{"start":{"line":174,"column":2},"end":{"line":174,"column":3}},"loc":{"start":{"line":174,"column":37},"end":{"line":187,"column":3}},"line":174},"11":{"name":"(anonymous_11)","decl":{"start":{"line":192,"column":2},"end":{"line":192,"column":3}},"loc":{"start":{"line":192,"column":41},"end":{"line":202,"column":3}},"line":192}},"branchMap":{"0":{"loc":{"start":{"line":9,"column":51},"end":{"line":9,"column":70}},"type":"default-arg","locations":[{"start":{"line":9,"column":65},"end":{"line":9,"column":70}}],"line":9},"1":{"loc":{"start":{"line":21,"column":6},"end":{"line":21,"column":32}},"type":"cond-expr","locations":[{"start":{"line":21,"column":20},"end":{"line":21,"column":24}},{"start":{"line":21,"column":27},"end":{"line":21,"column":32}}],"line":21},"2":{"loc":{"start":{"line":22,"column":6},"end":{"line":22,"column":50}},"type":"binary-expr","locations":[{"start":{"line":22,"column":6},"end":{"line":22,"column":14}},{"start":{"line":22,"column":18},"end":{"line":22,"column":50}}],"line":22},"3":{"loc":{"start":{"line":25,"column":6},"end":{"line":25,"column":26}},"type":"binary-expr","locations":[{"start":{"line":25,"column":6},"end":{"line":25,"column":15}},{"start":{"line":25,"column":19},"end":{"line":25,"column":26}}],"line":25},"4":{"loc":{"start":{"line":111,"column":6},"end":{"line":115,"column":7}},"type":"if","locations":[{"start":{"line":111,"column":6},"end":{"line":115,"column":7}},{"start":{},"end":{}}],"line":111},"5":{"loc":{"start":{"line":111,"column":10},"end":{"line":111,"column":67}},"type":"binary-expr","locations":[{"start":{"line":111,"column":10},"end":{"line":111,"column":37}},{"start":{"line":111,"column":41},"end":{"line":111,"column":67}}],"line":111},"6":{"loc":{"start":{"line":118,"column":4},"end":{"line":120,"column":5}},"type":"if","locations":[{"start":{"line":118,"column":4},"end":{"line":120,"column":5}},{"start":{},"end":{}}],"line":118},"7":{"loc":{"start":{"line":148,"column":6},"end":{"line":152,"column":7}},"type":"if","locations":[{"start":{"line":148,"column":6},"end":{"line":152,"column":7}},{"start":{},"end":{}}],"line":148},"8":{"loc":{"start":{"line":148,"column":10},"end":{"line":148,"column":71}},"type":"binary-expr","locations":[{"start":{"line":148,"column":10},"end":{"line":148,"column":37}},{"start":{"line":148,"column":41},"end":{"line":148,"column":71}}],"line":148},"9":{"loc":{"start":{"line":155,"column":4},"end":{"line":157,"column":5}},"type":"if","locations":[{"start":{"line":155,"column":4},"end":{"line":157,"column":5}},{"start":{},"end":{}}],"line":155}},"s":{"0":1,"1":1,"2":1,"3":0,"4":0,"5":0,"6":0,"7":0,"8":0,"9":0,"10":0,"11":0,"12":0,"13":0,"14":0,"15":0,"16":0,"17":0,"18":0,"19":0,"20":0,"21":0,"22":0,"23":0,"24":0,"25":0,"26":0,"27":0,"28":0,"29":0,"30":0,"31":0,"32":0,"33":0,"34":0,"35":0,"36":0,"37":0,"38":0,"39":0,"40":0,"41":0,"42":0,"43":0,"44":0,"45":0,"46":0,"47":0,"48":0,"49":0,"50":0,"51":0,"52":0,"53":0,"54":0,"55":0,"56":0,"57":0,"58":1},"f":{"0":0,"1":0,"2":0,"3":0,"4":0,"5":0,"6":0,"7":0,"8":0,"9":0,"10":0,"11":0},"b":{"0":[0],"1":[0,0],"2":[0,0],"3":[0,0],"4":[0,0],"5":[0,0],"6":[0,0],"7":[0,0],"8":[0,0],"9":[0,0]},"_coverageSchema":"1a1c01bbd47fc00a2c39e90264f33305004495a9","hash":"838235b94a443ed3b2d104d13dc72334c98aaf3c"}
,"C:\\Users\\lylli\\Documents\\Mental Health tracker App\\backend\\src\\services\\anthropicResponseGenerator.js": {"path":"C:\\Users\\lylli\\Documents\\Mental Health tracker App\\backend\\src\\services\\anthropicResponseGenerator.js","statementMap":{"0":{"start":{"line":1,"column":26},"end":{"line":1,"column":56}},"1":{"start":{"line":2,"column":15},"end":{"line":2,"column":42}},"2":{"start":{"line":6,"column":39},"end":{"line":6,"column":66}},"3":{"start":{"line":7,"column":39},"end":{"line":7,"column":42}},"4":{"start":{"line":8,"column":39},"end":{"line":8,"column":45}},"5":{"start":{"line":9,"column":39},"end":{"line":9,"column":41}},"6":{"start":{"line":10,"column":39},"end":{"line":10,"column":48}},"7":{"start":{"line":11,"column":39},"end":{"line":11,"column":40}},"8":{"start":{"line":12,"column":39},"end":{"line":12,"column":45}},"9":{"start":{"line":16,"column":22},"end":{"line":28,"column":105}},"10":{"start":{"line":38,"column":4},"end":{"line":38,"column":30}},"11":{"start":{"line":39,"column":4},"end":{"line":39,"column":27}},"12":{"start":{"line":43,"column":18},"end":{"line":43,"column":55}},"13":{"start":{"line":44,"column":18},"end":{"line":44,"column":40}},"14":{"start":{"line":45,"column":4},"end":{"line":48,"column":5}},"15":{"start":{"line":46,"column":6},"end":{"line":46,"column":56}},"16":{"start":{"line":47,"column":6},"end":{"line":47,"column":58}},"17":{"start":{"line":49,"column":4},"end":{"line":51,"column":5}},"18":{"start":{"line":50,"column":6},"end":{"line":50,"column":46}},"19":{"start":{"line":52,"column":4},"end":{"line":52,"column":21}},"20":{"start":{"line":53,"column":4},"end":{"line":53,"column":66}},"21":{"start":{"line":64,"column":4},"end":{"line":64,"column":32}},"22":{"start":{"line":65,"column":4},"end":{"line":65,"column":33}},"23":{"start":{"line":66,"column":4},"end":{"line":66,"column":24}},"24":{"start":{"line":67,"column":4},"end":{"line":67,"column":24}},"25":{"start":{"line":70,"column":13},"end":{"line":70,"column":48}},"26":{"start":{"line":73,"column":4},"end":{"line":73,"column":22}},"27":{"start":{"line":74,"column":4},"end":{"line":74,"column":23}},"28":{"start":{"line":78,"column":4},"end":{"line":78,"column":23}},"29":{"start":{"line":79,"column":4},"end":{"line":82,"column":5}},"30":{"start":{"line":80,"column":6},"end":{"line":80,"column":52}},"31":{"start":{"line":81,"column":6},"end":{"line":81,"column":24}},"32":{"start":{"line":92,"column":4},"end":{"line":92,"column":31}},"33":{"start":{"line":93,"column":4},"end":{"line":93,"column":27}},"34":{"start":{"line":94,"column":4},"end":{"line":94,"column":23}},"35":{"start":{"line":97,"column":20},"end":{"line":97,"column":64}},"36":{"start":{"line":100,"column":18},"end":{"line":100,"column":38}},"37":{"start":{"line":101,"column":4},"end":{"line":104,"column":5}},"38":{"start":{"line":102,"column":6},"end":{"line":102,"column":28}},"39":{"start":{"line":103,"column":6},"end":{"line":103,"column":29}},"40":{"start":{"line":108,"column":4},"end":{"line":108,"column":29}},"41":{"start":{"line":109,"column":4},"end":{"line":109,"column":41}},"42":{"start":{"line":113,"column":4},"end":{"line":113,"column":29}},"43":{"start":{"line":114,"column":4},"end":{"line":114,"column":67}},"44":{"start":{"line":152,"column":4},"end":{"line":152,"column":12}},"45":{"start":{"line":154,"column":19},"end":{"line":154,"column":65}},"46":{"start":{"line":155,"column":4},"end":{"line":159,"column":5}},"47":{"start":{"line":156,"column":6},"end":{"line":158,"column":8}},"48":{"start":{"line":161,"column":4},"end":{"line":161,"column":91}},"49":{"start":{"line":162,"column":4},"end":{"line":162,"column":106}},"50":{"start":{"line":163,"column":4},"end":{"line":163,"column":106}},"51":{"start":{"line":165,"column":4},"end":{"line":174,"column":5}},"52":{"start":{"line":166,"column":6},"end":{"line":166,"column":34}},"53":{"start":{"line":172,"column":24},"end":{"line":172,"column":52}},"54":{"start":{"line":173,"column":6},"end":{"line":173,"column":71}},"55":{"start":{"line":176,"column":4},"end":{"line":178,"column":6}},"56":{"start":{"line":179,"column":4},"end":{"line":182,"column":7}},"57":{"start":{"line":183,"column":4},"end":{"line":185,"column":6}},"58":{"start":{"line":188,"column":15},"end":{"line":188,"column":34}},"59":{"start":{"line":196,"column":4},"end":{"line":198,"column":5}},"60":{"start":{"line":197,"column":6},"end":{"line":197,"column":78}},"61":{"start":{"line":199,"column":4},"end":{"line":201,"column":5}},"62":{"start":{"line":200,"column":6},"end":{"line":200,"column":81}},"63":{"start":{"line":202,"column":19},"end":{"line":202,"column":40}},"64":{"start":{"line":203,"column":4},"end":{"line":208,"column":5}},"65":{"start":{"line":204,"column":17},"end":{"line":204,"column":48}},"66":{"start":{"line":205,"column":6},"end":{"line":207,"column":7}},"67":{"start":{"line":206,"column":8},"end":{"line":206,"column":78}},"68":{"start":{"line":211,"column":21},"end":{"line":211,"column":47}},"69":{"start":{"line":214,"column":4},"end":{"line":241,"column":5}},"70":{"start":{"line":215,"column":23},"end":{"line":220,"column":8}},"71":{"start":{"line":222,"column":27},"end":{"line":222,"column":92}},"72":{"start":{"line":223,"column":27},"end":{"line":223,"column":92}},"73":{"start":{"line":224,"column":6},"end":{"line":224,"column":51}},"74":{"start":{"line":226,"column":20},"end":{"line":226,"column":71}},"75":{"start":{"line":227,"column":20},"end":{"line":227,"column":39}},"76":{"start":{"line":228,"column":6},"end":{"line":230,"column":7}},"77":{"start":{"line":229,"column":8},"end":{"line":229,"column":70}},"78":{"start":{"line":232,"column":6},"end":{"line":232,"column":36}},"79":{"start":{"line":233,"column":6},"end":{"line":235,"column":9}},"80":{"start":{"line":236,"column":6},"end":{"line":236,"column":18}},"81":{"start":{"line":238,"column":6},"end":{"line":238,"column":36}},"82":{"start":{"line":239,"column":6},"end":{"line":239,"column":75}},"83":{"start":{"line":240,"column":6},"end":{"line":240,"column":16}},"84":{"start":{"line":252,"column":4},"end":{"line":252,"column":55}},"85":{"start":{"line":252,"column":16},"end":{"line":252,"column":55}},"86":{"start":{"line":253,"column":25},"end":{"line":253,"column":51}},"87":{"start":{"line":254,"column":21},"end":{"line":254,"column":40}},"88":{"start":{"line":255,"column":4},"end":{"line":260,"column":7}},"89":{"start":{"line":270,"column":18},"end":{"line":270,"column":20}},"90":{"start":{"line":271,"column":4},"end":{"line":273,"column":5}},"91":{"start":{"line":272,"column":6},"end":{"line":272,"column":49}},"92":{"start":{"line":274,"column":4},"end":{"line":276,"column":5}},"93":{"start":{"line":275,"column":6},"end":{"line":275,"column":50}},"94":{"start":{"line":277,"column":18},"end":{"line":277,"column":71}},"95":{"start":{"line":278,"column":4},"end":{"line":280,"column":5}},"96":{"start":{"line":279,"column":6},"end":{"line":279,"column":48}},"97":{"start":{"line":281,"column":19},"end":{"line":281,"column":73}},"98":{"start":{"line":282,"column":4},"end":{"line":284,"column":5}},"99":{"start":{"line":283,"column":6},"end":{"line":283,"column":75}},"100":{"start":{"line":285,"column":4},"end":{"line":287,"column":5}},"101":{"start":{"line":286,"column":6},"end":{"line":286,"column":75}},"102":{"start":{"line":288,"column":4},"end":{"line":288,"column":28}},"103":{"start":{"line":294,"column":0},"end":{"line":294,"column":44}},"104":{"start":{"line":296,"column":0},"end":{"line":296,"column":59}},"105":{"start":{"line":297,"column":0},"end":{"line":297,"column":53}},"106":{"start":{"line":298,"column":0},"end":{"line":298,"column":51}},"107":{"start":{"line":299,"column":0},"end":{"line":299,"column":52}},"108":{"start":{"line":300,"column":0},"end":{"line":300,"column":52}}},"fnMap":{"0":{"name":"(anonymous_0)","decl":{"start":{"line":37,"column":2},"end":{"line":37,"column":3}},"loc":{"start":{"line":37,"column":28},"end":{"line":40,"column":3}},"line":37},"1":{"name":"(anonymous_1)","decl":{"start":{"line":42,"column":2},"end":{"line":42,"column":3}},"loc":{"start":{"line":42,"column":16},"end":{"line":54,"column":3}},"line":42},"2":{"name":"(anonymous_2)","decl":{"start":{"line":63,"column":2},"end":{"line":63,"column":3}},"loc":{"start":{"line":63,"column":104},"end":{"line":68,"column":3}},"line":63},"3":{"name":"(anonymous_3)","decl":{"start":{"line":70,"column":2},"end":{"line":70,"column":3}},"loc":{"start":{"line":70,"column":11},"end":{"line":70,"column":50}},"line":70},"4":{"name":"(anonymous_4)","decl":{"start":{"line":72,"column":2},"end":{"line":72,"column":3}},"loc":{"start":{"line":72,"column":18},"end":{"line":75,"column":3}},"line":72},"5":{"name":"(anonymous_5)","decl":{"start":{"line":77,"column":2},"end":{"line":77,"column":3}},"loc":{"start":{"line":77,"column":18},"end":{"line":83,"column":3}},"line":77},"6":{"name":"(anonymous_6)","decl":{"start":{"line":91,"column":2},"end":{"line":91,"column":3}},"loc":{"start":{"line":91,"column":59},"end":{"line":95,"column":3}},"line":91},"7":{"name":"(anonymous_7)","decl":{"start":{"line":97,"column":2},"end":{"line":97,"column":3}},"loc":{"start":{"line":97,"column":18},"end":{"line":97,"column":66}},"line":97},"8":{"name":"(anonymous_8)","decl":{"start":{"line":99,"column":2},"end":{"line":99,"column":3}},"loc":{"start":{"line":99,"column":22},"end":{"line":105,"column":3}},"line":99},"9":{"name":"(anonymous_9)","decl":{"start":{"line":107,"column":2},"end":{"line":107,"column":3}},"loc":{"start":{"line":107,"column":16},"end":{"line":110,"column":3}},"line":107},"10":{"name":"(anonymous_10)","decl":{"start":{"line":112,"column":2},"end":{"line":112,"column":3}},"loc":{"start":{"line":112,"column":36},"end":{"line":115,"column":3}},"line":112},"11":{"name":"(anonymous_11)","decl":{"start":{"line":151,"column":2},"end":{"line":151,"column":3}},"loc":{"start":{"line":151,"column":27},"end":{"line":186,"column":3}},"line":151},"12":{"name":"(anonymous_12)","decl":{"start":{"line":188,"column":2},"end":{"line":188,"column":3}},"loc":{"start":{"line":188,"column":13},"end":{"line":188,"column":36}},"line":188},"13":{"name":"(anonymous_13)","decl":{"start":{"line":194,"column":2},"end":{"line":194,"column":3}},"loc":{"start":{"line":194,"column":24},"end":{"line":242,"column":3}},"line":194},"14":{"name":"(anonymous_14)","decl":{"start":{"line":251,"column":2},"end":{"line":251,"column":3}},"loc":{"start":{"line":251,"column":24},"end":{"line":261,"column":3}},"line":251},"15":{"name":"(anonymous_15)","decl":{"start":{"line":269,"column":2},"end":{"line":269,"column":3}},"loc":{"start":{"line":269,"column":24},"end":{"line":289,"column":3}},"line":269}},"branchMap":{"0":{"loc":{"start":{"line":45,"column":4},"end":{"line":48,"column":5}},"type":"if","locations":[{"start":{"line":45,"column":4},"end":{"line":48,"column":5}},{"start":{},"end":{}}],"line":45},"1":{"loc":{"start":{"line":45,"column":8},"end":{"line":45,"column":38}},"type":"binary-expr","locations":[{"start":{"line":45,"column":8},"end":{"line":45,"column":14}},{"start":{"line":45,"column":18},"end":{"line":45,"column":38}}],"line":45},"2":{"loc":{"start":{"line":49,"column":4},"end":{"line":51,"column":5}},"type":"if","locations":[{"start":{"line":49,"column":4},"end":{"line":51,"column":5}},{"start":{},"end":{}}],"line":49},"3":{"loc":{"start":{"line":63,"column":14},"end":{"line":63,"column":102}},"type":"default-arg","locations":[{"start":{"line":63,"column":100},"end":{"line":63,"column":102}}],"line":63},"4":{"loc":{"start":{"line":63,"column":16},"end":{"line":63,"column":53}},"type":"default-arg","locations":[{"start":{"line":63,"column":28},"end":{"line":63,"column":53}}],"line":63},"5":{"loc":{"start":{"line":63,"column":55},"end":{"line":63,"column":95}},"type":"default-arg","locations":[{"start":{"line":63,"column":68},"end":{"line":63,"column":95}}],"line":63},"6":{"loc":{"start":{"line":79,"column":4},"end":{"line":82,"column":5}},"type":"if","locations":[{"start":{"line":79,"column":4},"end":{"line":82,"column":5}},{"start":{},"end":{}}],"line":79},"7":{"loc":{"start":{"line":91,"column":14},"end":{"line":91,"column":57}},"type":"default-arg","locations":[{"start":{"line":91,"column":32},"end":{"line":91,"column":57}}],"line":91},"8":{"loc":{"start":{"line":101,"column":4},"end":{"line":104,"column":5}},"type":"if","locations":[{"start":{"line":101,"column":4},"end":{"line":104,"column":5}},{"start":{},"end":{}}],"line":101},"9":{"loc":{"start":{"line":114,"column":27},"end":{"line":114,"column":43}},"type":"binary-expr","locations":[{"start":{"line":114,"column":27},"end":{"line":114,"column":38}},{"start":{"line":114,"column":42},"end":{"line":114,"column":43}}],"line":114},"10":{"loc":{"start":{"line":114,"column":48},"end":{"line":114,"column":65}},"type":"binary-expr","locations":[{"start":{"line":114,"column":48},"end":{"line":114,"column":60}},{"start":{"line":114,"column":64},"end":{"line":114,"column":65}}],"line":114},"11":{"loc":{"start":{"line":151,"column":14},"end":{"line":151,"column":25}},"type":"default-arg","locations":[{"start":{"line":151,"column":23},"end":{"line":151,"column":25}}],"line":151},"12":{"loc":{"start":{"line":154,"column":19},"end":{"line":154,"column":65}},"type":"binary-expr","locations":[{"start":{"line":154,"column":19},"end":{"line":154,"column":32}},{"start":{"line":154,"column":36},"end":{"line":154,"column":65}}],"line":154},"13":{"loc":{"start":{"line":155,"column":4},"end":{"line":159,"column":5}},"type":"if","locations":[{"start":{"line":155,"column":4},"end":{"line":159,"column":5}},{"start":{},"end":{}}],"line":155},"14":{"loc":{"start":{"line":161,"column":22},"end":{"line":161,"column":90}},"type":"binary-expr","locations":[{"start":{"line":161,"column":22},"end":{"line":161,"column":34}},{"start":{"line":161,"column":42},"end":{"line":161,"column":68}},{"start":{"line":161,"column":77},"end":{"line":161,"column":90}}],"line":161},"15":{"loc":{"start":{"line":162,"column":29},"end":{"line":162,"column":104}},"type":"binary-expr","locations":[{"start":{"line":162,"column":29},"end":{"line":162,"column":45}},{"start":{"line":162,"column":50},"end":{"line":162,"column":81}},{"start":{"line":162,"column":86},"end":{"line":162,"column":104}}],"line":162},"16":{"loc":{"start":{"line":163,"column":29},"end":{"line":163,"column":104}},"type":"binary-expr","locations":[{"start":{"line":163,"column":29},"end":{"line":163,"column":45}},{"start":{"line":163,"column":50},"end":{"line":163,"column":81}},{"start":{"line":163,"column":86},"end":{"line":163,"column":104}}],"line":163},"17":{"loc":{"start":{"line":165,"column":4},"end":{"line":174,"column":5}},"type":"if","locations":[{"start":{"line":165,"column":4},"end":{"line":174,"column":5}},{"start":{"line":167,"column":11},"end":{"line":174,"column":5}}],"line":165},"18":{"loc":{"start":{"line":176,"column":24},"end":{"line":178,"column":5}},"type":"binary-expr","locations":[{"start":{"line":176,"column":24},"end":{"line":176,"column":42}},{"start":{"line":176,"column":46},"end":{"line":178,"column":5}}],"line":176},"19":{"loc":{"start":{"line":177,"column":13},"end":{"line":177,"column":77}},"type":"binary-expr","locations":[{"start":{"line":177,"column":13},"end":{"line":177,"column":45}},{"start":{"line":177,"column":49},"end":{"line":177,"column":77}}],"line":177},"20":{"loc":{"start":{"line":179,"column":20},"end":{"line":182,"column":6}},"type":"binary-expr","locations":[{"start":{"line":179,"column":20},"end":{"line":179,"column":34}},{"start":{"line":179,"column":38},"end":{"line":182,"column":6}}],"line":179},"21":{"loc":{"start":{"line":180,"column":25},"end":{"line":180,"column":94}},"type":"binary-expr","locations":[{"start":{"line":180,"column":25},"end":{"line":180,"column":63}},{"start":{"line":180,"column":69},"end":{"line":180,"column":94}}],"line":180},"22":{"loc":{"start":{"line":181,"column":25},"end":{"line":181,"column":96}},"type":"binary-expr","locations":[{"start":{"line":181,"column":25},"end":{"line":181,"column":65}},{"start":{"line":181,"column":69},"end":{"line":181,"column":96}}],"line":181},"23":{"loc":{"start":{"line":183,"column":17},"end":{"line":185,"column":5}},"type":"binary-expr","locations":[{"start":{"line":183,"column":17},"end":{"line":183,"column":28}},{"start":{"line":183,"column":32},"end":{"line":185,"column":5}}],"line":183},"24":{"loc":{"start":{"line":184,"column":13},"end":{"line":184,"column":80}},"type":"binary-expr","locations":[{"start":{"line":184,"column":13},"end":{"line":184,"column":51}},{"start":{"line":184,"column":55},"end":{"line":184,"column":80}}],"line":184},"25":{"loc":{"start":{"line":196,"column":4},"end":{"line":198,"column":5}},"type":"if","locations":[{"start":{"line":196,"column":4},"end":{"line":198,"column":5}},{"start":{},"end":{}}],"line":196},"26":{"loc":{"start":{"line":199,"column":4},"end":{"line":201,"column":5}},"type":"if","locations":[{"start":{"line":199,"column":4},"end":{"line":201,"column":5}},{"start":{},"end":{}}],"line":199},"27":{"loc":{"start":{"line":202,"column":19},"end":{"line":202,"column":40}},"type":"binary-expr","locations":[{"start":{"line":202,"column":19},"end":{"line":202,"column":24}},{"start":{"line":202,"column":28},"end":{"line":202,"column":40}}],"line":202},"28":{"loc":{"start":{"line":203,"column":4},"end":{"line":208,"column":5}},"type":"if","locations":[{"start":{"line":203,"column":4},"end":{"line":208,"column":5}},{"start":{},"end":{}}],"line":203},"29":{"loc":{"start":{"line":203,"column":8},"end":{"line":203,"column":47}},"type":"binary-expr","locations":[{"start":{"line":203,"column":8},"end":{"line":203,"column":28}},{"start":{"line":203,"column":32},"end":{"line":203,"column":47}}],"line":203},"30":{"loc":{"start":{"line":205,"column":6},"end":{"line":207,"column":7}},"type":"if","locations":[{"start":{"line":205,"column":6},"end":{"line":207,"column":7}},{"start":{},"end":{}}],"line":205},"31":{"loc":{"start":{"line":222,"column":27},"end":{"line":222,"column":92}},"type":"binary-expr","locations":[{"start":{"line":222,"column":28},"end":{"line":222,"column":36}},{"start":{"line":222,"column":40},"end":{"line":222,"column":54}},{"start":{"line":222,"column":58},"end":{"line":222,"column":85}},{"start":{"line":222,"column":91},"end":{"line":222,"column":92}}],"line":222},"32":{"loc":{"start":{"line":223,"column":27},"end":{"line":223,"column":92}},"type":"binary-expr","locations":[{"start":{"line":223,"column":28},"end":{"line":223,"column":36}},{"start":{"line":223,"column":40},"end":{"line":223,"column":54}},{"start":{"line":223,"column":58},"end":{"line":223,"column":86}},{"start":{"line":223,"column":91},"end":{"line":223,"column":92}}],"line":223},"33":{"loc":{"start":{"line":226,"column":20},"end":{"line":226,"column":71}},"type":"binary-expr","locations":[{"start":{"line":226,"column":20},"end":{"line":226,"column":28}},{"start":{"line":226,"column":32},"end":{"line":226,"column":48}},{"start":{"line":226,"column":52},"end":{"line":226,"column":71}}],"line":226},"34":{"loc":{"start":{"line":227,"column":20},"end":{"line":227,"column":39}},"type":"binary-expr","locations":[{"start":{"line":227,"column":20},"end":{"line":227,"column":25}},{"start":{"line":227,"column":29},"end":{"line":227,"column":39}}],"line":227},"35":{"loc":{"start":{"line":228,"column":6},"end":{"line":230,"column":7}},"type":"if","locations":[{"start":{"line":228,"column":6},"end":{"line":230,"column":7}},{"start":{},"end":{}}],"line":228},"36":{"loc":{"start":{"line":228,"column":10},"end":{"line":228,"column":43}},"type":"binary-expr","locations":[{"start":{"line":228,"column":10},"end":{"line":228,"column":15}},{"start":{"line":228,"column":19},"end":{"line":228,"column":43}}],"line":228},"37":{"loc":{"start":{"line":252,"column":4},"end":{"line":252,"column":55}},"type":"if","locations":[{"start":{"line":252,"column":4},"end":{"line":252,"column":55}},{"start":{},"end":{}}],"line":252},"38":{"loc":{"start":{"line":254,"column":21},"end":{"line":254,"column":40}},"type":"binary-expr","locations":[{"start":{"line":254,"column":21},"end":{"line":254,"column":34}},{"start":{"line":254,"column":38},"end":{"line":254,"column":40}}],"line":254},"39":{"loc":{"start":{"line":257,"column":15},"end":{"line":259,"column":18}},"type":"cond-expr","locations":[{"start":{"line":258,"column":10},"end":{"line":258,"column":65}},{"start":{"line":259,"column":10},"end":{"line":259,"column":18}}],"line":257},"40":{"loc":{"start":{"line":271,"column":4},"end":{"line":273,"column":5}},"type":"if","locations":[{"start":{"line":271,"column":4},"end":{"line":273,"column":5}},{"start":{},"end":{}}],"line":271},"41":{"loc":{"start":{"line":271,"column":8},"end":{"line":271,"column":74}},"type":"binary-expr","locations":[{"start":{"line":271,"column":8},"end":{"line":271,"column":18}},{"start":{"line":271,"column":22},"end":{"line":271,"column":46}},{"start":{"line":271,"column":50},"end":{"line":271,"column":74}}],"line":271},"42":{"loc":{"start":{"line":274,"column":4},"end":{"line":276,"column":5}},"type":"if","locations":[{"start":{"line":274,"column":4},"end":{"line":276,"column":5}},{"start":{},"end":{}}],"line":274},"43":{"loc":{"start":{"line":277,"column":18},"end":{"line":277,"column":71}},"type":"binary-expr","locations":[{"start":{"line":277,"column":18},"end":{"line":277,"column":35}},{"start":{"line":277,"column":39},"end":{"line":277,"column":71}}],"line":277},"44":{"loc":{"start":{"line":278,"column":4},"end":{"line":280,"column":5}},"type":"if","locations":[{"start":{"line":278,"column":4},"end":{"line":280,"column":5}},{"start":{},"end":{}}],"line":278},"45":{"loc":{"start":{"line":278,"column":8},"end":{"line":278,"column":91}},"type":"binary-expr","locations":[{"start":{"line":278,"column":8},"end":{"line":278,"column":13}},{"start":{"line":278,"column":17},"end":{"line":278,"column":35}},{"start":{"line":278,"column":39},"end":{"line":278,"column":68}},{"start":{"line":278,"column":72},"end":{"line":278,"column":91}}],"line":278},"46":{"loc":{"start":{"line":281,"column":19},"end":{"line":281,"column":73}},"type":"binary-expr","locations":[{"start":{"line":281,"column":19},"end":{"line":281,"column":39}},{"start":{"line":281,"column":43},"end":{"line":281,"column":73}}],"line":281},"47":{"loc":{"start":{"line":282,"column":4},"end":{"line":284,"column":5}},"type":"if","locations":[{"start":{"line":282,"column":4},"end":{"line":284,"column":5}},{"start":{},"end":{}}],"line":282},"48":{"loc":{"start":{"line":282,"column":8},"end":{"line":282,"column":50}},"type":"binary-expr","locations":[{"start":{"line":282,"column":8},"end":{"line":282,"column":29}},{"start":{"line":282,"column":33},"end":{"line":282,"column":50}}],"line":282},"49":{"loc":{"start":{"line":285,"column":4},"end":{"line":287,"column":5}},"type":"if","locations":[{"start":{"line":285,"column":4},"end":{"line":287,"column":5}},{"start":{},"end":{}}],"line":285},"50":{"loc":{"start":{"line":285,"column":8},"end":{"line":285,"column":57}},"type":"binary-expr","locations":[{"start":{"line":285,"column":8},"end":{"line":285,"column":23}},{"start":{"line":285,"column":27},"end":{"line":285,"column":57}}],"line":285}},"s":{"0":2,"1":2,"2":2,"3":2,"4":2,"5":2,"6":2,"7":2,"8":2,"9":2,"10":18,"11":18,"12":19,"13":19,"14":19,"15":13,"16":13,"17":6,"18":1,"19":5,"20":5,"21":18,"22":18,"23":18,"24":18,"25":22,"26":12,"27":12,"28":7,"29":7,"30":2,"31":2,"32":18,"33":18,"34":18,"35":35,"36":35,"37":35,"38":13,"39":13,"40":21,"41":21,"42":14,"43":14,"44":20,"45":20,"46":20,"47":2,"48":18,"49":18,"50":18,"51":18,"52":18,"53":0,"54":0,"55":18,"56":18,"57":18,"58":1,"59":22,"60":1,"61":21,"62":1,"63":20,"64":20,"65":19,"66":19,"67":1,"68":19,"69":19,"70":19,"71":14,"72":14,"73":14,"74":14,"75":14,"76":14,"77":2,"78":12,"79":12,"80":12,"81":7,"82":7,"83":7,"84":19,"85":0,"86":19,"87":19,"88":19,"89":19,"90":19,"91":1,"92":19,"93":1,"94":19,"95":19,"96":1,"97":19,"98":19,"99":1,"100":19,"101":1,"102":19,"103":2,"104":2,"105":2,"106":2,"107":2,"108":2},"f":{"0":18,"1":19,"2":18,"3":22,"4":12,"5":7,"6":18,"7":35,"8":35,"9":21,"10":14,"11":20,"12":1,"13":22,"14":19,"15":19},"b":{"0":[13,6],"1":[19,6],"2":[1,5],"3":[0],"4":[0],"5":[0],"6":[2,5],"7":[0],"8":[13,22],"9":[14,2],"10":[14,2],"11":[2],"12":[20,3],"13":[2,18],"14":[18,17,17],"15":[18,17,17],"16":[18,18,18],"17":[18,0],"18":[18,15],"19":[15,15],"20":[18,16],"21":[16,16],"22":[16,16],"23":[18,17],"24":[17,17],"25":[1,21],"26":[1,20],"27":[20,20],"28":[19,1],"29":[20,19],"30":[1,18],"31":[14,14,13,2],"32":[14,14,13,2],"33":[14,14,14],"34":[14,13],"35":[2,12],"36":[14,12],"37":[0,19],"38":[19,0],"39":[1,18],"40":[1,18],"41":[19,2,2],"42":[1,18],"43":[19,2],"44":[1,18],"45":[19,2,1,1],"46":[19,1],"47":[1,18],"48":[19,1],"49":[1,18],"50":[19,1]},"_coverageSchema":"1a1c01bbd47fc00a2c39e90264f33305004495a9","hash":"ba7a8212e08cf9133f8d1a9de374c7f9cee7735d"}
,"C:\\Users\\lylli\\Documents\\Mental Health tracker App\\backend\\src\\services\\dataExportService.js": {"path":"C:\\Users\\lylli\\Documents\\Mental Health tracker App\\backend\\src\\services\\dataExportService.js","statementMap":{"0":{"start":{"line":1,"column":11},"end":{"line":1,"column":40}},"1":{"start":{"line":2,"column":15},"end":{"line":2,"column":42}},"2":{"start":{"line":3,"column":11},"end":{"line":3,"column":33}},"3":{"start":{"line":4,"column":13},"end":{"line":4,"column":28}},"4":{"start":{"line":5,"column":23},"end":{"line":5,"column":38}},"5":{"start":{"line":15,"column":4},"end":{"line":111,"column":5}},"6":{"start":{"line":16,"column":6},"end":{"line":16,"column":65}},"7":{"start":{"line":31,"column":10},"end":{"line":43,"column":8}},"8":{"start":{"line":46,"column":25},"end":{"line":85,"column":7}},"9":{"start":{"line":88,"column":24},"end":{"line":88,"column":61}},"10":{"start":{"line":89,"column":6},"end":{"line":89,"column":53}},"11":{"start":{"line":91,"column":23},"end":{"line":91,"column":60}},"12":{"start":{"line":92,"column":23},"end":{"line":92,"column":53}},"13":{"start":{"line":94,"column":6},"end":{"line":94,"column":72}},"14":{"start":{"line":97,"column":6},"end":{"line":97,"column":68}},"15":{"start":{"line":99,"column":6},"end":{"line":99,"column":65}},"16":{"start":{"line":101,"column":6},"end":{"line":106,"column":8}},"17":{"start":{"line":108,"column":6},"end":{"line":108,"column":74}},"18":{"start":{"line":109,"column":6},"end":{"line":109,"column":61}},"19":{"start":{"line":110,"column":6},"end":{"line":110,"column":18}},"20":{"start":{"line":118,"column":18},"end":{"line":122,"column":5}},"21":{"start":{"line":123,"column":19},"end":{"line":123,"column":50}},"22":{"start":{"line":124,"column":4},"end":{"line":124,"column":34}},"23":{"start":{"line":131,"column":18},"end":{"line":131,"column":69}},"24":{"start":{"line":132,"column":19},"end":{"line":132,"column":50}},"25":{"start":{"line":133,"column":4},"end":{"line":133,"column":34}},"26":{"start":{"line":140,"column":18},"end":{"line":147,"column":5}},"27":{"start":{"line":148,"column":19},"end":{"line":148,"column":50}},"28":{"start":{"line":149,"column":4},"end":{"line":149,"column":23}},"29":{"start":{"line":156,"column":18},"end":{"line":162,"column":5}},"30":{"start":{"line":163,"column":19},"end":{"line":163,"column":50}},"31":{"start":{"line":164,"column":4},"end":{"line":164,"column":23}},"32":{"start":{"line":171,"column":18},"end":{"line":177,"column":5}},"33":{"start":{"line":178,"column":19},"end":{"line":178,"column":50}},"34":{"start":{"line":179,"column":4},"end":{"line":179,"column":23}},"35":{"start":{"line":186,"column":18},"end":{"line":191,"column":5}},"36":{"start":{"line":192,"column":19},"end":{"line":192,"column":50}},"37":{"start":{"line":193,"column":4},"end":{"line":193,"column":23}},"38":{"start":{"line":200,"column":18},"end":{"line":206,"column":5}},"39":{"start":{"line":207,"column":19},"end":{"line":207,"column":50}},"40":{"start":{"line":208,"column":4},"end":{"line":208,"column":23}},"41":{"start":{"line":215,"column":18},"end":{"line":221,"column":5}},"42":{"start":{"line":222,"column":19},"end":{"line":222,"column":50}},"43":{"start":{"line":223,"column":4},"end":{"line":223,"column":23}},"44":{"start":{"line":230,"column":18},"end":{"line":235,"column":5}},"45":{"start":{"line":236,"column":19},"end":{"line":236,"column":50}},"46":{"start":{"line":237,"column":4},"end":{"line":237,"column":23}},"47":{"start":{"line":244,"column":18},"end":{"line":251,"column":5}},"48":{"start":{"line":252,"column":19},"end":{"line":252,"column":50}},"49":{"start":{"line":253,"column":4},"end":{"line":253,"column":23}},"50":{"start":{"line":260,"column":18},"end":{"line":260,"column":65}},"51":{"start":{"line":261,"column":19},"end":{"line":261,"column":50}},"52":{"start":{"line":262,"column":4},"end":{"line":262,"column":34}},"53":{"start":{"line":269,"column":18},"end":{"line":278,"column":5}},"54":{"start":{"line":279,"column":4},"end":{"line":279,"column":54}},"55":{"start":{"line":286,"column":18},"end":{"line":290,"column":5}},"56":{"start":{"line":291,"column":19},"end":{"line":291,"column":61}},"57":{"start":{"line":293,"column":4},"end":{"line":295,"column":5}},"58":{"start":{"line":294,"column":6},"end":{"line":294,"column":18}},"59":{"start":{"line":297,"column":49},"end":{"line":297,"column":63}},"60":{"start":{"line":299,"column":4},"end":{"line":301,"column":5}},"61":{"start":{"line":300,"column":6},"end":{"line":300,"column":18}},"62":{"start":{"line":303,"column":4},"end":{"line":312,"column":5}},"63":{"start":{"line":304,"column":26},"end":{"line":304,"column":69}},"64":{"start":{"line":305,"column":6},"end":{"line":308,"column":8}},"65":{"start":{"line":310,"column":6},"end":{"line":310,"column":74}},"66":{"start":{"line":311,"column":6},"end":{"line":311,"column":18}},"67":{"start":{"line":319,"column":4},"end":{"line":347,"column":5}},"68":{"start":{"line":320,"column":6},"end":{"line":320,"column":61}},"69":{"start":{"line":323,"column":6},"end":{"line":323,"column":82}},"70":{"start":{"line":324,"column":6},"end":{"line":324,"column":87}},"71":{"start":{"line":325,"column":6},"end":{"line":325,"column":79}},"72":{"start":{"line":326,"column":6},"end":{"line":326,"column":79}},"73":{"start":{"line":327,"column":6},"end":{"line":327,"column":89}},"74":{"start":{"line":328,"column":6},"end":{"line":328,"column":81}},"75":{"start":{"line":329,"column":6},"end":{"line":329,"column":79}},"76":{"start":{"line":330,"column":6},"end":{"line":330,"column":79}},"77":{"start":{"line":331,"column":6},"end":{"line":331,"column":78}},"78":{"start":{"line":332,"column":6},"end":{"line":332,"column":83}},"79":{"start":{"line":333,"column":6},"end":{"line":333,"column":78}},"80":{"start":{"line":334,"column":6},"end":{"line":334,"column":82}},"81":{"start":{"line":335,"column":6},"end":{"line":335,"column":84}},"82":{"start":{"line":336,"column":6},"end":{"line":336,"column":86}},"83":{"start":{"line":339,"column":6},"end":{"line":339,"column":71}},"84":{"start":{"line":341,"column":6},"end":{"line":341,"column":62}},"85":{"start":{"line":343,"column":6},"end":{"line":343,"column":31}},"86":{"start":{"line":345,"column":6},"end":{"line":345,"column":81}},"87":{"start":{"line":346,"column":6},"end":{"line":346,"column":18}},"88":{"start":{"line":351,"column":0},"end":{"line":351,"column":35}}},"fnMap":{"0":{"name":"(anonymous_0)","decl":{"start":{"line":14,"column":2},"end":{"line":14,"column":3}},"loc":{"start":{"line":14,"column":38},"end":{"line":112,"column":3}},"line":14},"1":{"name":"(anonymous_1)","decl":{"start":{"line":117,"column":2},"end":{"line":117,"column":3}},"loc":{"start":{"line":117,"column":35},"end":{"line":125,"column":3}},"line":117},"2":{"name":"(anonymous_2)","decl":{"start":{"line":130,"column":2},"end":{"line":130,"column":3}},"loc":{"start":{"line":130,"column":42},"end":{"line":134,"column":3}},"line":130},"3":{"name":"(anonymous_3)","decl":{"start":{"line":139,"column":2},"end":{"line":139,"column":3}},"loc":{"start":{"line":139,"column":38},"end":{"line":150,"column":3}},"line":139},"4":{"name":"(anonymous_4)","decl":{"start":{"line":155,"column":2},"end":{"line":155,"column":3}},"loc":{"start":{"line":155,"column":35},"end":{"line":165,"column":3}},"line":155},"5":{"name":"(anonymous_5)","decl":{"start":{"line":170,"column":2},"end":{"line":170,"column":3}},"loc":{"start":{"line":170,"column":42},"end":{"line":180,"column":3}},"line":170},"6":{"name":"(anonymous_6)","decl":{"start":{"line":185,"column":2},"end":{"line":185,"column":3}},"loc":{"start":{"line":185,"column":47},"end":{"line":194,"column":3}},"line":185},"7":{"name":"(anonymous_7)","decl":{"start":{"line":199,"column":2},"end":{"line":199,"column":3}},"loc":{"start":{"line":199,"column":42},"end":{"line":209,"column":3}},"line":199},"8":{"name":"(anonymous_8)","decl":{"start":{"line":214,"column":2},"end":{"line":214,"column":3}},"loc":{"start":{"line":214,"column":37},"end":{"line":224,"column":3}},"line":214},"9":{"name":"(anonymous_9)","decl":{"start":{"line":229,"column":2},"end":{"line":229,"column":3}},"loc":{"start":{"line":229,"column":39},"end":{"line":238,"column":3}},"line":229},"10":{"name":"(anonymous_10)","decl":{"start":{"line":243,"column":2},"end":{"line":243,"column":3}},"loc":{"start":{"line":243,"column":39},"end":{"line":254,"column":3}},"line":243},"11":{"name":"(anonymous_11)","decl":{"start":{"line":259,"column":2},"end":{"line":259,"column":3}},"loc":{"start":{"line":259,"column":34},"end":{"line":263,"column":3}},"line":259},"12":{"name":"(anonymous_12)","decl":{"start":{"line":268,"column":2},"end":{"line":268,"column":3}},"loc":{"start":{"line":268,"column":61},"end":{"line":280,"column":3}},"line":268},"13":{"name":"(anonymous_13)","decl":{"start":{"line":285,"column":2},"end":{"line":285,"column":3}},"loc":{"start":{"line":285,"column":48},"end":{"line":313,"column":3}},"line":285},"14":{"name":"(anonymous_14)","decl":{"start":{"line":318,"column":2},"end":{"line":318,"column":3}},"loc":{"start":{"line":318,"column":38},"end":{"line":348,"column":3}},"line":318}},"branchMap":{"0":{"loc":{"start":{"line":124,"column":11},"end":{"line":124,"column":33}},"type":"binary-expr","locations":[{"start":{"line":124,"column":11},"end":{"line":124,"column":25}},{"start":{"line":124,"column":29},"end":{"line":124,"column":33}}],"line":124},"1":{"loc":{"start":{"line":133,"column":11},"end":{"line":133,"column":33}},"type":"binary-expr","locations":[{"start":{"line":133,"column":11},"end":{"line":133,"column":25}},{"start":{"line":133,"column":29},"end":{"line":133,"column":33}}],"line":133},"2":{"loc":{"start":{"line":262,"column":11},"end":{"line":262,"column":33}},"type":"binary-expr","locations":[{"start":{"line":262,"column":11},"end":{"line":262,"column":25}},{"start":{"line":262,"column":29},"end":{"line":262,"column":33}}],"line":262},"3":{"loc":{"start":{"line":293,"column":4},"end":{"line":295,"column":5}},"type":"if","locations":[{"start":{"line":293,"column":4},"end":{"line":295,"column":5}},{"start":{},"end":{}}],"line":293},"4":{"loc":{"start":{"line":299,"column":4},"end":{"line":301,"column":5}},"type":"if","locations":[{"start":{"line":299,"column":4},"end":{"line":301,"column":5}},{"start":{},"end":{}}],"line":299},"5":{"loc":{"start":{"line":299,"column":8},"end":{"line":299,"column":59}},"type":"binary-expr","locations":[{"start":{"line":299,"column":8},"end":{"line":299,"column":38}},{"start":{"line":299,"column":42},"end":{"line":299,"column":59}}],"line":299}},"s":{"0":1,"1":1,"2":1,"3":1,"4":1,"5":0,"6":0,"7":0,"8":0,"9":0,"10":0,"11":0,"12":0,"13":0,"14":0,"15":0,"16":0,"17":0,"18":0,"19":0,"20":0,"21":0,"22":0,"23":0,"24":0,"25":0,"26":0,"27":0,"28":0,"29":0,"30":0,"31":0,"32":0,"33":0,"34":0,"35":0,"36":0,"37":0,"38":0,"39":0,"40":0,"41":0,"42"
[...]
,"C:\\Users\\lylli\\Documents\\Mental Health tracker App\\backend\\src\\services\\safetyFilter.js": {"path":"C:\\Users\\lylli\\Documents\\Mental Health tracker App\\backend\\src\\services\\safetyFilter.js","statementMap":{"0":{"start":{"line":18,"column":28},"end":{"line":43,"column":2}},"1":{"start":{"line":45,"column":27},"end":{"line":57,"column":2}},"2":{"start":{"line":70,"column":15},"end":{"line":74,"column":1}},"3":{"start":{"line":71,"column":2},"end":{"line":71,"column":72}},"4":{"start":{"line":71,"column":59},"end":{"line":71,"column":72}},"5":{"start":{"line":72,"column":16},"end":{"line":72,"column":37}},"6":{"start":{"line":73,"column":2},"end":{"line":73,"column":69}},"7":{"start":{"line":73,"column":44},"end":{"line":73,"column":67}},"8":{"start":{"line":83,"column":22},"end":{"line":99,"column":1}},"9":{"start":{"line":84,"column":12},"end":{"line":84,"column":31}},"10":{"start":{"line":85,"column":16},"end":{"line":97,"column":3}},"11":{"start":{"line":98,"column":2},"end":{"line":98,"column":26}},"12":{"start":{"line":101,"column":0},"end":{"line":106,"column":2}}},"fnMap":{"0":{"name":"(anonymous_0)","decl":{"start":{"line":70,"column":15},"end":{"line":70,"column":16}},"loc":{"start":{"line":70,"column":28},"end":{"line":74,"column":1}},"line":70},"1":{"name":"(anonymous_1)","decl":{"start":{"line":73,"column":33},"end":{"line":73,"column":34}},"loc":{"start":{"line":73,"column":44},"end":{"line":73,"column":67}},"line":73},"2":{"name":"(anonymous_2)","decl":{"start":{"line":83,"column":22},"end":{"line":83,"column":23}},"loc":{"start":{"line":83,"column":28},"end":{"line":99,"column":1}},"line":83}},"branchMap":{"0":{"loc":{"start":{"line":71,"column":2},"end":{"line":71,"column":72}},"type":"if","locations":[{"start":{"line":71,"column":2},"end":{"line":71,"column":72}},{"start":{},"end":{}}],"line":71},"1":{"loc":{"start":{"line":71,"column":6},"end":{"line":71,"column":57}},"type":"binary-expr","locations":[{"start":{"line":71,"column":6},"end":{"line":71,"column":33}},{"start":{"line":71,"column":37},"end":{"line":71,"column":57}}],"line":71}},"s":{"0":1,"1":1,"2":1,"3":24,"4":7,"5":17,"6":17,"7":179,"8":1,"9":1,"10":1,"11":1,"12":1},"f":{"0":24,"1":179,"2":1},"b":{"0":[7,17],"1":[24,18]},"_coverageSchema":"1a1c01bbd47fc00a2c39e90264f33305004495a9","hash":"deeb786c15f3531d1615c7232939069b209e368a"}
,"C:\\Users\\lylli\\Documents\\Mental Health tracker App\\backend\\src\\services\\webPushService.js": {"path":"C:\\Users\\lylli\\Documents\\Mental Health tracker App\\backend\\src\\services\\webPushService.js","statementMap":{"0":{"start":{"line":1,"column":15},"end":{"line":1,"column":42}},"1":{"start":{"line":2,"column":25},"end":{"line":2,"column":62}},"2":{"start":{"line":4,"column":28},"end":{"line":4,"column":34}},"3":{"start":{"line":34,"column":4},"end":{"line":34,"column":79}},"4":{"start":{"line":35,"column":4},"end":{"line":35,"column":79}},"5":{"start":{"line":36,"column":4},"end":{"line":36,"column":107}},"6":{"start":{"line":38,"column":4},"end":{"line":54,"column":5}},"7":{"start":{"line":39,"column":6},"end":{"line":39,"column":29}},"8":{"start":{"line":40,"column":6},"end":{"line":42,"column":7}},"9":{"start":{"line":41,"column":8},"end":{"line":41,"column":117}},"10":{"start":{"line":41,"column":14},"end":{"line":41,"column":90}},"11":{"start":{"line":43,"column":11},"end":{"line":54,"column":5}},"12":{"start":{"line":44,"column":6},"end":{"line":51,"column":7}},"13":{"start":{"line":46,"column":8},"end":{"line":46,"column":43}},"14":{"start":{"line":47,"column":8},"end":{"line":47,"column":84}},"15":{"start":{"line":49,"column":8},"end":{"line":49,"column":105}},"16":{"start":{"line":50,"column":8},"end":{"line":50,"column":28}},"17":{"start":{"line":53,"column":6},"end":{"line":53,"column":26}},"18":{"start":{"line":59,"column":4},"end":{"line":59,"column":67}},"19":{"start":{"line":70,"column":4},"end":{"line":73,"column":5}},"20":{"start":{"line":71,"column":6},"end":{"line":71,"column":79}},"21":{"start":{"line":72,"column":6},"end":{"line":72,"column":47}},"22":{"start":{"line":75,"column":17},"end":{"line":75,"column":58}},"23":{"start":{"line":76,"column":4},"end":{"line":78,"column":5}},"24":{"start":{"line":77,"column":6},"end":{"line":77,"column":47}},"25":{"start":{"line":80,"column":17},"end":{"line":80,"column":40}},"26":{"start":{"line":81,"column":20},"end":{"line":81,"column":87}},"27":{"start":{"line":81,"column":61},"end":{"line":81,"column":85}},"28":{"start":{"line":83,"column":15},"end":{"line":83,"column":16}},"29":{"start":{"line":84,"column":17},"end":{"line":84,"column":18}},"30":{"start":{"line":85,"column":17},"end":{"line":85,"column":18}},"31":{"start":{"line":87,"column":4},"end":{"line":114,"column":5}},"32":{"start":{"line":87,"column":17},"end":{"line":87,"column":18}},"33":{"start":{"line":88,"column":16},"end":{"line":88,"column":26}},"34":{"start":{"line":89,"column":18},"end":{"line":89,"column":25}},"35":{"start":{"line":91,"column":6},"end":{"line":96,"column":7}},"36":{"start":{"line":92,"column":8},"end":{"line":92,"column":15}},"37":{"start":{"line":94,"column":8},"end":{"line":94,"column":76}},"38":{"start":{"line":95,"column":8},"end":{"line":95,"column":17}},"39":{"start":{"line":98,"column":6},"end":{"line":113,"column":7}},"40":{"start":{"line":99,"column":8},"end":{"line":107,"column":9}},"41":{"start":{"line":100,"column":10},"end":{"line":100,"column":77}},"42":{"start":{"line":101,"column":10},"end":{"line":101,"column":19}},"43":{"start":{"line":102,"column":10},"end":{"line":104,"column":13}},"44":{"start":{"line":106,"column":10},"end":{"line":106,"column":82}},"45":{"start":{"line":109,"column":8},"end":{"line":109,"column":17}},"46":{"start":{"line":110,"column":8},"end":{"line":112,"column":11}},"47":{"start":{"line":116,"column":4},"end":{"line":116,"column":36}},"48":{"start":{"line":121,"column":30},"end":{"line":124,"column":5}},"49":{"start":{"line":125,"column":4},"end":{"line":125,"column":96}},"50":{"start":{"line":130,"column":4},"end":{"line":130,"column":69}},"51":{"start":{"line":138,"column":15},"end":{"line":138,"column":19}},"52":{"start":{"line":140,"column":20},"end":{"line":143,"column":1}},"53":{"start":{"line":141,"column":2},"end":{"line":141,"column":49}},"54":{"start":{"line":141,"column":17},"end":{"line":141,"column":49}},"55":{"start":{"line":142,"column":2},"end":{"line":142,"column":18}},"56":{"start":{"line":145,"column":22},"end":{"line":145,"column":48}},"57":{"start":{"line":145,"column":30},"end":{"line":145,"column":46}},"58":{"start":{"line":147,"column":0},"end":{"line":151,"column":2}}},"fnMap":{"0":{"name":"(anonymous_0)","decl":{"start":{"line":33,"column":2},"end":{"line":33,"column":3}},"loc":{"start":{"line":33,"column":79},"end":{"line":55,"column":3}},"line":33},"1":{"name":"(anonymous_1)","decl":{"start":{"line":58,"column":2},"end":{"line":58,"column":3}},"loc":{"start":{"line":58,"column":14},"end":{"line":60,"column":3}},"line":58},"2":{"name":"(anonymous_2)","decl":{"start":{"line":69,"column":2},"end":{"line":69,"column":3}},"loc":{"start":{"line":69,"column":36},"end":{"line":117,"column":3}},"line":69},"3":{"name":"(anonymous_3)","decl":{"start":{"line":81,"column":54},"end":{"line":81,"column":55}},"loc":{"start":{"line":81,"column":61},"end":{"line":81,"column":85}},"line":81},"4":{"name":"(anonymous_4)","decl":{"start":{"line":94,"column":66},"end":{"line":94,"column":67}},"loc":{"start":{"line":94,"column":72},"end":{"line":94,"column":74}},"line":94},"5":{"name":"(anonymous_5)","decl":{"start":{"line":120,"column":2},"end":{"line":120,"column":3}},"loc":{"start":{"line":120,"column":22},"end":{"line":126,"column":3}},"line":120},"6":{"name":"(anonymous_6)","decl":{"start":{"line":129,"column":2},"end":{"line":129,"column":3}},"loc":{"start":{"line":129,"column":15},"end":{"line":131,"column":3}},"line":129},"7":{"name":"(anonymous_7)","decl":{"start":{"line":140,"column":20},"end":{"line":140,"column":21}},"loc":{"start":{"line":140,"column":26},"end":{"line":143,"column":1}},"line":140},"8":{"name":"(anonymous_8)","decl":{"start":{"line":145,"column":22},"end":{"line":145,"column":23}},"loc":{"start":{"line":145,"column":28},"end":{"line":145,"column":48}},"line":145}},"branchMap":{"0":{"loc":{"start":{"line":33,"column":14},"end":{"line":33,"column":77}},"type":"default-arg","locations":[{"start":{"line":33,"column":75},"end":{"line":33,"column":77}}],"line":33},"1":{"loc":{"start":{"line":34,"column":22},"end":{"line":34,"column":78}},"type":"binary-expr","locations":[{"start":{"line":34,"column":22},"end":{"line":34,"column":36}},{"start":{"line":34,"column":41},"end":{"line":34,"column":69}},{"start":{"line":34,"column":74},"end":{"line":34,"column":78}}],"line":34},"2":{"loc":{"start":{"line":35,"column":22},"end":{"line":35,"column":78}},"type":"binary-expr","locations":[{"start":{"line":35,"column":22},"end":{"line":35,"column":37}},{"start":{"line":35,"column":41},"end":{"line":35,"column":70}},{"start":{"line":35,"column":74},"end":{"line":35,"column":78}}],"line":35},"3":{"loc":{"start":{"line":36,"column":22},"end":{"line":36,"column":106}},"type":"binary-expr","locations":[{"start":{"line":36,"column":22},"end":{"line":36,"column":34}},{"start":{"line":36,"column":41},"end":{"line":36,"column":66}},{"start":{"line":36,"column":74},"end":{"line":36,"column":106}}],"line":36},"4":{"loc":{"start":{"line":38,"column":4},"end":{"line":54,"column":5}},"type":"if","locations":[{"start":{"line":38,"column":4},"end":{"line":54,"column":5}},{"start":{"line":43,"column":11},"end":{"line":54,"column":5}}],"line":38},"5":{"loc":{"start":{"line":40,"column":6},"end":{"line":42,"column":7}},"type":"if","locations":[{"start":{"line":40,"column":6},"end":{"line":42,"column":7}},{"start":{},"end":{}}],"line":40},"6":{"loc":{"start":{"line":40,"column":10},"end":{"line":40,"column":97}},"type":"binary-expr","locations":[{"start":{"line":40,"column":10},"end":{"line":40,"column":24}},{"start":{"line":40,"column":28},"end":{"line":40,"column":43}},{"start":{"line":40,"column":47},"end":{"line":40,"column":97}}],"line":40},"7":{"loc":{"start":{"line":43,"column":11},"end":{"line":54,"column":5}},"type":"if","locations":[{"start":{"line":43,"column":11},"end":{"line":54,"column":5}},{"start":{"line":52,"column":11},"end":{"line":54,"column":5}}],"line":43},"8":{"loc":{"start":{"line":43,"column":15},"end":{"line":43,"column":48}},"type":"binary-expr","locations":[{"start":{"line":43,"column":15},"end":{"line":43,"column":29}},{"start":{"line":43,"column":33},"end":{"line":43,"column":48}}],"line":43},"9":{"loc":{"start":{"line":59,"column":11},"end":{"line":59,"column":66}},"type":"binary-expr","locations":[{"start":{"line":59,"column":11},"end":{"line":59,"column":25}},{"start":{"line":59,"column":29},"end":{"line":59,"column":45}},{"start":{"line":59,"column":49},"end":{"line":59,"column":66}}],"line":59},"10":{"loc":{"start":{"line":70,"column":4},"end":{"line":73,"column":5}},"type":"if","locations":[{"start":{"line":70,"column":4},"end":{"line":73,"column":5}},{"start":{},"end":{}}],"line":70},"11":{"loc":{"start":{"line":76,"column":4},"end":{"line":78,"column":5}},"type":"if","locations":[{"start":{"line":76,"column":4},"end":{"line":78,"column":5}},{"start":{},"end":{}}],"line":76},"12":{"loc":{"start":{"line":91,"column":6},"end":{"line":96,"column":7}},"type":"if","locations":[{"start":{"line":91,"column":6},"end":{"line":96,"column":7}},{"start":{},"end":{}}],"line":91},"13":{"loc":{"start":{"line":98,"column":6},"end":{"line":113,"column":7}},"type":"if","locations":[{"start":{"line":98,"column":6},"end":{"line":113,"column":7}},{"start":{"line":108,"column":13},"end":{"line":113,"column":7}}],"line":98},"14":{"loc":{"start":{"line":111,"column":25},"end":{"line":111,"column":53}},"type":"binary-expr","locations":[{"start":{"line":111,"column":25},"end":{"line":111,"column":33}},{"start":{"line":111,"column":37},"end":{"line":111,"column":53}}],"line":111},"15":{"loc":{"start":{"line":130,"column":11},"end":{"line":130,"column":68}},"type":"binary-expr","locations":[{"start":{"line":130,"column":11},"end":{"line":130,"column":14}},{"start":{"line":130,"column":19},"end":{"line":130,"column":41}},{"start":{"line":130,"column":45},"end":{"line":130,"column":67}}],"line":130},"16":{"loc":{"start":{"line":141,"column":2},"end":{"line":141,"column":49}},"type":"if","locations":[{"start":{"line":141,"column":2},"end":{"line":141,"column":49}},{"start":{},"end":{}}],"line":141}},"s":{"0":1,"1":1,"2":1,"3":11,"4":11,"5":11,"6":11,"7":10,"8":10,"9":8,"10":8,"11":1,"12":1,"13":1,"14":1,"15":1,"16":1,"17":0,"18":11,"19":8,"20":1,"21":1,"22":7,"23":7,"24":1,"25":6,"26":6,"27":8,"28":6,"29":6,"30":6,"31":6,"32":6,"33":8,"34":8,"35":8,"36":4,"37":4,"38":4,"39":4,"40":3,"41":3,"42":3,"43":3,"44":0,"45":1,"46":1,"47":6,"48":8,"49":8,"50":4,"51":1,"52":1,"53":0,"54":0,"55":0,"56":1,"57":11,"58":1},"f":{"0":11,"1":11,"2":8,"3":8,"4":0,"5":8,"6":4,"7":0,"8":11},"b":{"0":[0],"1":[11,2,2],"2":[11,2,2],"3":[11,9,9],"4":[10,1],"5":[8,2],"6":[10,8,8],"7":[1,0],"8":[1,1],"9":[11,10,8],"10":[1,7],"11":[1,6],"12":[4,4],"13":[3,1],"14":[1,1],"15":[4,4,3],"16":[0,0]},"_coverageSchema":"1a1c01bbd47fc00a2c39e90264f33305004495a9","hash":"fbf01bd6af8951faef4fa1472957d07eb6b6fc2e"}
,"C:\\Users\\lylli\\Documents\\Mental Health tracker App\\backend\\src\\utils\\encryption.js": {"path":"C:\\Users\\lylli\\Documents\\Mental Health tracker App\\backend\\src\\utils\\encryption.js","statementMap":{"0":{"start":{"line":1,"column":15},"end":{"line":1,"column":32}},"1":{"start":{"line":2,"column":0},"end":{"line":2,"column":27}},"2":{"start":{"line":4,"column":23},"end":{"line":4,"column":49}},"3":{"start":{"line":6,"column":0},"end":{"line":8,"column":1}},"4":{"start":{"line":7,"column":2},"end":{"line":7,"column":72}},"5":{"start":{"line":11,"column":12},"end":{"line":11,"column":71}},"6":{"start":{"line":12,"column":18},"end":{"line":12,"column":20}},"7":{"start":{"line":15,"column":24},"end":{"line":15,"column":26}},"8":{"start":{"line":23,"column":16},"end":{"line":38,"column":1}},"9":{"start":{"line":24,"column":2},"end":{"line":24,"column":25}},"10":{"start":{"line":24,"column":13},"end":{"line":24,"column":25}},"11":{"start":{"line":25,"column":2},"end":{"line":37,"column":3}},"12":{"start":{"line":26,"column":15},"end":{"line":26,"column":44}},"13":{"start":{"line":27,"column":19},"end":{"line":27,"column":64}},"14":{"start":{"line":28,"column":22},"end":{"line":28,"column":42}},"15":{"start":{"line":29,"column":20},"end":{"line":29,"column":62}},"16":{"start":{"line":30,"column":4},"end":{"line":30,"column":40}},"17":{"start":{"line":31,"column":20},"end":{"line":31,"column":39}},"18":{"start":{"line":33,"column":4},"end":{"line":33,"column":81}},"19":{"start":{"line":35,"column":4},"end":{"line":35,"column":54}},"20":{"start":{"line":36,"column":4},"end":{"line":36,"column":46}},"21":{"start":{"line":46,"column":16},"end":{"line":74,"column":1}},"22":{"start":{"line":47,"column":2},"end":{"line":47,"column":34}},"23":{"start":{"line":47,"column":22},"end":{"line":47,"column":34}},"24":{"start":{"line":48,"column":2},"end":{"line":73,"column":3}},"25":{"start":{"line":50,"column":18},"end":{"line":50,"column":42}},"26":{"start":{"line":51,"column":4},"end":{"line":60,"column":5}},"27":{"start":{"line":52,"column":17},"end":{"line":52,"column":48}},"28":{"start":{"line":53,"column":22},"end":{"line":53,"column":53}},"29":{"start":{"line":54,"column":25},"end":{"line":54,"column":33}},"30":{"start":{"line":55,"column":23},"end":{"line":55,"column":70}},"31":{"start":{"line":56,"column":6},"end":{"line":56,"column":35}},"32":{"start":{"line":57,"column":22},"end":{"line":57,"column":67}},"33":{"start":{"line":58,"column":6},"end":{"line":58,"column":42}},"34":{"start":{"line":59,"column":6},"end":{"line":59,"column":35}},"35":{"start":{"line":63,"column":4},"end":{"line":69,"column":5}},"36":{"start":{"line":64,"column":23},"end":{"line":64,"column":43}},"37":{"start":{"line":65,"column":20},"end":{"line":65,"column":71}},"38":{"start":{"line":66,"column":6},"end":{"line":66,"column":59}},"39":{"start":{"line":68,"column":6},"end":{"line":68,"column":69}},"40":{"start":{"line":71,"column":4},"end":{"line":71,"column":54}},"41":{"start":{"line":72,"column":4},"end":{"line":72,"column":46}},"42":{"start":{"line":81,"column":13},"end":{"line":83,"column":1}},"43":{"start":{"line":82,"column":2},"end":{"line":82,"column":72}},"44":{"start":{"line":85,"column":0},"end":{"line":89,"column":2}}},"fnMap":{"0":{"name":"(anonymous_0)","decl":{"start":{"line":23,"column":16},"end":{"line":23,"column":17}},"loc":{"start":{"line":23,"column":26},"end":{"line":38,"column":1}},"line":23},"1":{"name":"(anonymous_1)","decl":{"start":{"line":46,"column":16},"end":{"line":46,"column":17}},"loc":{"start":{"line":46,"column":35},"end":{"line":74,"column":1}},"line":46},"2":{"name":"(anonymous_2)","decl":{"start":{"line":81,"column":13},"end":{"line":81,"column":14}},"loc":{"start":{"line":81,"column":23},"end":{"line":83,"column":1}},"line":81}},"branchMap":{"0":{"loc":{"start":{"line":6,"column":0},"end":{"line":8,"column":1}},"type":"if","locations":[{"start":{"line":6,"column":0},"end":{"line":8,"column":1}},{"start":{},"end":{}}],"line":6},"1":{"loc":{"start":{"line":6,"column":4},"end":{"line":6,"column":49}},"type":"binary-expr","locations":[{"start":{"line":6,"column":4},"end":{"line":6,"column":19}},{"start":{"line":6,"column":23},"end":{"line":6,"column":49}}],"line":6},"2":{"loc":{"start":{"line":24,"column":2},"end":{"line":24,"column":25}},"type":"if","locations":[{"start":{"line":24,"column":2},"end":{"line":24,"column":25}},{"start":{},"end":{}}],"line":24},"3":{"loc":{"start":{"line":47,"column":2},"end":{"line":47,"column":34}},"type":"if","locations":[{"start":{"line":47,"column":2},"end":{"line":47,"column":34}},{"start":{},"end":{}}],"line":47},"4":{"loc":{"start":{"line":51,"column":4},"end":{"line":60,"column":5}},"type":"if","locations":[{"start":{"line":51,"column":4},"end":{"line":60,"column":5}},{"start":{},"end":{}}],"line":51}},"s":{"0":1,"1":1,"2":1,"3":1,"4":0,"5":1,"6":1,"7":1,"8":1,"9":9,"10":2,"11":7,"12":7,"13":7,"14":7,"15":7,"16":7,"17":7,"18":7,"19":0,"20":0,"21":1,"22":6,"23":2,"24":4,"25":4,"26":4,"27":3,"28":3,"29":3,"30":3,"31":3,"32":3,"33":3,"34":2,"35":1,"36":1,"37":1,"38":1,"39":1,"40":2,"41":2,"42":1,"43":6,"44":1},"f":{"0":9,"1":6,"2":6},"b":{"0":[0,1],"1":[1,1],"2":[2,7],"3":[2,4],"4":[3,1]},"_coverageSchema":"1a1c01bbd47fc00a2c39e90264f33305004495a9","hash":"f0fef2109e511e55e0d660055c481de2bc28c801"}
}
