TN:
SF:src\config\database.js
FN:12,(anonymous_0)
FN:60,(anonymous_1)
FN:64,(anonymous_2)
FN:70,(anonymous_3)
FNF:4
FNH:1
FNDA:1,(anonymous_0)
FNDA:0,(anonymous_1)
FNDA:0,(anonymous_2)
FNDA:0,(anonymous_3)
DA:1,1
DA:2,1
DA:3,1
DA:12,1
DA:13,1
DA:14,1
DA:16,1
DA:17,1
DA:20,0
DA:26,0
DA:27,0
DA:28,0
DA:30,0
DA:35,0
DA:36,0
DA:43,0
DA:47,1
DA:60,1
DA:61,0
DA:64,1
DA:65,0
DA:69,1
DA:70,0
LF:23
LH:12
BRDA:14,0,0,1
BRDA:14,0,1,1
BRDA:16,1,0,1
BRDA:16,1,1,0
BRDA:26,2,0,0
BRDA:26,2,1,0
BRDA:35,3,0,0
BRDA:35,3,1,0
BRF:8
BRH:3
end_of_record
TN:
SF:src\config\logger.js
FNF:0
FNH:0
DA:1,6
DA:2,6
DA:5,6
DA:6,6
DA:7,6
DA:8,0
DA:12,6
DA:41,6
DA:42,6
DA:50,6
LF:10
LH:9
BRDA:7,0,0,0
BRDA:7,0,1,6
BRDA:13,1,0,6
BRDA:13,1,1,6
BRDA:41,2,0,6
BRDA:41,2,1,0
BRF:6
BRH:4
end_of_record
TN:
SF:src\controllers\authController.js
FN:9,(anonymous_0)
FN:20,(anonymous_1)
FN:73,(anonymous_2)
FN:128,(anonymous_3)
FN:152,(anonymous_4)
FN:178,(anonymous_5)
FN:200,(anonymous_6)
FN:219,(anonymous_7)
FN:247,(anonymous_8)
FN:268,(anonymous_9)
FN:298,(anonymous_10)
FNF:11
FNH:2
FNDA:2,(anonymous_0)
FNDA:0,(anonymous_1)
FNDA:0,(anonymous_2)
FNDA:0,(anonymous_3)
FNDA:0,(anonymous_4)
FNDA:0,(anonymous_5)
FNDA:0,(anonymous_6)
FNDA:0,(anonymous_7)
FNDA:0,(anonymous_8)
FNDA:0,(anonymous_9)
FNDA:4,(anonymous_10)
DA:1,1
DA:2,1
DA:3,1
DA:4,1
DA:9,1
DA:10,2
DA:20,1
DA:21,0
DA:22,0
DA:25,0
DA:26,0
DA:27,0
DA:28,0
DA:36,0
DA:45,0
DA:48,0
DA:50,0
DA:65,0
DA:66,0
DA:73,1
DA:74,0
DA:75,0
DA:78,0
DA:79,0
DA:80,0
DA:87,0
DA:88,0
DA:89,0
DA:90,0
DA:97,0
DA:100,0
DA:103,0
DA:105,0
DA:120,0
DA:121,0
DA:128,1
DA:129,0
DA:130,0
DA:132,0
DA:133,0
DA:139,0
DA:144,0
DA:145,0
DA:152,1
DA:153,0
DA:154,0
DA:156,0
DA:162,0
DA:164,0
DA:170,0
DA:171,0
DA:178,1
DA:179,0
DA:180,0
DA:182,0
DA:184,0
DA:186,0
DA:192,0
DA:193,0
DA:200,1
DA:201,0
DA:202,0
DA:204,0
DA:206,0
DA:211,0
DA:212,0
DA:219,1
DA:220,0
DA:222,0
DA:225,0
DA:227,0
DA:229,0
DA:239,0
DA:240,0
DA:247,1
DA:248,0
DA:250,0
DA:252,0
DA:255,0
DA:256,0
DA:258,0
DA:260,0
DA:261,0
DA:268,1
DA:269,0
DA:270,0
DA:272,0
DA:273,0
DA:279,0
DA:281,0
DA:283,0
DA:288,0
DA:289,0
DA:298,1
DA:299,4
DA:300,4
DA:301,4
DA:303,4
DA:304,1
DA:311,3
DA:312,3
DA:314,1
DA:315,1
DA:321,2
DA:322,0
DA:329,2
DA:331,2
DA:333,2
DA:339,0
DA:340,0
DA:344,1
LF:111
LH:30
BRDA:13,0,0,2
BRDA:13,0,1,0
BRDA:25,1,0,0
BRDA:25,1,1,0
BRDA:25,2,0,0
BRDA:25,2,1,0
BRDA:27,3,0,0
BRDA:27,3,1,0
BRDA:40,4,0,0
BRDA:40,4,1,0
BRDA:79,5,0,0
BRDA:79,5,1,0
BRDA:88,6,0,0
BRDA:88,6,1,0
BRDA:132,7,0,0
BRDA:132,7,1,0
BRDA:272,8,0,0
BRDA:272,8,1,0
BRDA:301,9,0,4
BRDA:301,9,1,3
BRDA:303,10,0,1
BRDA:303,10,1,3
BRDA:321,11,0,0
BRDA:321,11,1,2
BRDA:321,12,0,2
BRDA:321,12,1,2
BRF:26
BRH:8
end_of_record
TN:
SF:src\controllers\pushController.js
FN:12,(anonymous_0)
FN:43,(anonymous_1)
FN:64,(anonymous_2)
FNF:3
FNH:3
FNDA:5,(anonymous_0)
FNDA:3,(anonymous_1)
FNDA:2,(anonymous_2)
DA:1,1
DA:2,1
DA:12,1
DA:13,5
DA:14,5
DA:15,5
DA:16,3
DA:21,2
DA:22,2
DA:28,1
DA:33,1
DA:35,1
DA:43,1
DA:44,3
DA:45,3
DA:46,3
DA:47,1
DA:49,2
DA:50,2
DA:51,2
DA:53,0
DA:64,1
DA:65,2
DA:66,2
DA:69,1
LF:25
LH:24
BRDA:14,0,0,5
BRDA:14,0,1,0
BRDA:15,1,0,3
BRDA:15,1,1,2
BRDA:15,2,0,5
BRDA:15,2,1,4
BRDA:15,2,2,3
BRDA:15,2,3,2
BRDA:21,3,0,2
BRDA:21,3,1,2
BRDA:26,4,0,2
BRDA:26,4,1,2
BRDA:26,4,2,0
BRDA:45,5,0,3
BRDA:45,5,1,3
BRDA:45,5,2,2
BRDA:45,5,3,2
BRDA:46,6,0,1
BRDA:46,6,1,2
BRDA:65,7,0,2
BRDA:65,7,1,1
BRF:21
BRH:19
end_of_record
TN:
SF:src\middleware\auth.js
FN:7,(anonymous_0)
FN:18,(anonymous_1)
FN:35,(anonymous_2)
FN:44,(anonymous_3)
FN:57,(anonymous_4)
FN:58,(anonymous_5)
FNF:6
FNH:6
FNDA:4,(anonymous_0)
FNDA:3,(anonymous_1)
FNDA:3,(anonymous_2)
FNDA:2,(anonymous_3)
FNDA:4,(anonymous_4)
FNDA:4,(anonymous_5)
DA:1,1
DA:2,1
DA:7,1
DA:8,4
DA:9,4
DA:11,4
DA:12,1
DA:18,3
DA:19,3
DA:20,2
DA:21,2
DA:27,1
DA:28,1
DA:35,1
DA:36,3
DA:37,3
DA:39,3
DA:40,1
DA:41,1
DA:44,2
DA:45,2
DA:46,1
DA:48,1
DA:50,2
DA:57,1
DA:58,4
DA:59,4
DA:60,1
DA:66,3
DA:67,1
DA:73,2
DA:77,1
LF:32
LH:32
BRDA:9,0,0,4
BRDA:9,0,1,3
BRDA:11,1,0,1
BRDA:11,1,1,3
BRDA:19,2,0,2
BRDA:19,2,1,1
BRDA:37,3,0,3
BRDA:37,3,1,2
BRDA:39,4,0,1
BRDA:39,4,1,2
BRDA:45,5,0,1
BRDA:45,5,1,1
BRDA:59,6,0,1
BRDA:59,6,1,3
BRDA:66,7,0,1
BRDA:66,7,1,2
BRDA:66,8,0,3
BRDA:66,8,1,2
BRF:18
BRH:18
end_of_record
TN:
SF:src\middleware\errorHandler.js
FN:6,(anonymous_0)
FN:35,(anonymous_1)
FNF:2
FNH:2
FNDA:5,(anonymous_0)
FNDA:1,(anonymous_1)
DA:1,1
DA:6,1
DA:8,5
DA:19,5
DA:20,5
DA:21,5
DA:24,5
DA:35,1
DA:36,1
DA:37,1
DA:38,1
DA:41,1
LF:12
LH:12
BRDA:19,0,0,5
BRDA:19,0,1,4
BRDA:20,1,0,5
BRDA:20,1,1,0
BRDA:26,2,0,1
BRDA:26,2,1,4
BRDA:28,3,0,5
BRDA:28,3,1,4
BRF:8
BRH:7
end_of_record
TN:
SF:src\middleware\validation.js
FN:6,(anonymous_0)
FN:13,(anonymous_1)
FNF:2
FNH:2
FNDA:3,(anonymous_0)
FNDA:1,(anonymous_1)
DA:1,1
DA:6,1
DA:7,3
DA:9,3
DA:10,1
DA:13,1
DA:21,2
DA:24,1
LF:8
LH:8
BRDA:9,0,0,1
BRDA:9,0,1,2
BRDA:15,1,0,1
BRDA:15,1,1,0
BRDA:15,1,2,0
BRF:5
BRH:3
end_of_record
TN:
SF:src\models\User.js
FN:9,(anonymous_0)
FN:39,(anonymous_1)
FN:52,(anonymous_2)
FN:65,(anonymous_3)
FN:84,(anonymous_4)
FN:91,(anonymous_5)
FN:104,(anonymous_6)
FN:110,(anonymous_7)
FN:137,(anonymous_8)
FN:147,(anonymous_9)
FN:174,(anonymous_10)
FN:192,(anonymous_11)
FNF:12
FNH:0
FNDA:0,(anonymous_0)
FNDA:0,(anonymous_1)
FNDA:0,(anonymous_2)
FNDA:0,(anonymous_3)
FNDA:0,(anonymous_4)
FNDA:0,(anonymous_5)
FNDA:0,(anonymous_6)
FNDA:0,(anonymous_7)
FNDA:0,(anonymous_8)
FNDA:0,(anonymous_9)
FNDA:0,(anonymous_10)
FNDA:0,(anonymous_11)
DA:1,1
DA:2,1
DA:3,1
DA:10,0
DA:11,0
DA:13,0
DA:19,0
DA:28,0
DA:31,0
DA:33,0
DA:40,0
DA:46,0
DA:53,0
DA:58,0
DA:59,0
DA:66,0
DA:77,0
DA:78,0
DA:85,0
DA:92,0
DA:98,0
DA:105,0
DA:106,0
DA:107,0
DA:108,0
DA:110,0
DA:111,0
DA:112,0
DA:113,0
DA:114,0
DA:118,0
DA:119,0
DA:122,0
DA:123,0
DA:130,0
DA:131,0
DA:138,0
DA:143,0
DA:144,0
DA:145,0
DA:147,0
DA:148,0
DA:149,0
DA:150,0
DA:151,0
DA:155,0
DA:156,0
DA:159,0
DA:160,0
DA:167,0
DA:168,0
DA:175,0
DA:185,0
DA:186,0
DA:193,0
DA:194,0
DA:200,0
DA:201,0
DA:205,1
LF:59
LH:4
BRDA:9,0,0,0
BRDA:21,1,0,0
BRDA:21,1,1,0
BRDA:22,2,0,0
BRDA:22,2,1,0
BRDA:25,3,0,0
BRDA:25,3,1,0
BRDA:111,4,0,0
BRDA:111,4,1,0
BRDA:111,5,0,0
BRDA:111,5,1,0
BRDA:118,6,0,0
BRDA:118,6,1,0
BRDA:148,7,0,0
BRDA:148,7,1,0
BRDA:148,8,0,0
BRDA:148,8,1,0
BRDA:155,9,0,0
BRDA:155,9,1,0
BRF:19
BRH:0
end_of_record
TN:
SF:src\services\anthropicResponseGenerator.js
FN:37,(anonymous_0)
FN:42,(anonymous_1)
FN:63,(anonymous_2)
FN:70,(anonymous_3)
FN:72,(anonymous_4)
FN:77,(anonymous_5)
FN:91,(anonymous_6)
FN:97,(anonymous_7)
FN:99,(anonymous_8)
FN:107,(anonymous_9)
FN:112,(anonymous_10)
FN:151,(anonymous_11)
FN:188,(anonymous_12)
FN:194,(anonymous_13)
FN:251,(anonymous_14)
FN:269,(anonymous_15)
FNF:16
FNH:16
FNDA:18,(anonymous_0)
FNDA:19,(anonymous_1)
FNDA:18,(anonymous_2)
FNDA:22,(anonymous_3)
FNDA:12,(anonymous_4)
FNDA:7,(anonymous_5)
FNDA:18,(anonymous_6)
FNDA:35,(anonymous_7)
FNDA:35,(anonymous_8)
FNDA:21,(anonymous_9)
FNDA:14,(anonymous_10)
FNDA:20,(anonymous_11)
FNDA:1,(anonymous_12)
FNDA:22,(anonymous_13)
FNDA:19,(anonymous_14)
FNDA:19,(anonymous_15)
DA:1,2
DA:2,2
DA:6,2
DA:7,2
DA:8,2
DA:9,2
DA:10,2
DA:11,2
DA:12,2
DA:16,2
DA:38,18
DA:39,18
DA:43,19
DA:44,19
DA:45,19
DA:46,13
DA:47,13
DA:49,6
DA:50,1
DA:52,5
DA:53,5
DA:64,18
DA:65,18
DA:66,18
DA:67,18
DA:70,22
DA:73,12
DA:74,12
DA:78,7
DA:79,7
DA:80,2
DA:81,2
DA:92,18
DA:93,18
DA:94,18
DA:97,35
DA:100,35
DA:101,35
DA:102,13
DA:103,13
DA:108,21
DA:109,21
DA:113,14
DA:114,14
DA:152,20
DA:154,20
DA:155,20
DA:156,2
DA:161,18
DA:162,18
DA:163,18
DA:165,18
DA:166,18
DA:172,0
DA:173,0
DA:176,18
DA:179,18
DA:183,18
DA:188,1
DA:196,22
DA:197,1
DA:199,21
DA:200,1
DA:202,20
DA:203,20
DA:204,19
DA:205,19
DA:206,1
DA:211,19
DA:214,19
DA:215,19
DA:222,14
DA:223,14
DA:224,14
DA:226,14
DA:227,14
DA:228,14
DA:229,2
DA:232,12
DA:233,12
DA:236,12
DA:238,7
DA:239,7
DA:240,7
DA:252,19
DA:253,19
DA:254,19
DA:255,19
DA:270,19
DA:271,19
DA:272,1
DA:274,19
DA:275,1
DA:277,19
DA:278,19
DA:279,1
DA:281,19
DA:282,19
DA:283,1
DA:285,19
DA:286,1
DA:288,19
DA:294,2
DA:296,2
DA:297,2
DA:298,2
DA:299,2
DA:300,2
LF:108
LH:106
BRDA:45,0,0,13
BRDA:45,0,1,6
BRDA:45,1,0,19
BRDA:45,1,1,6
BRDA:49,2,0,1
BRDA:49,2,1,5
BRDA:63,3,0,0
BRDA:63,4,0,0
BRDA:63,5,0,0
BRDA:79,6,0,2
BRDA:79,6,1,5
BRDA:91,7,0,0
BRDA:101,8,0,13
BRDA:101,8,1,22
BRDA:114,9,0,14
BRDA:114,9,1,2
BRDA:114,10,0,14
BRDA:114,10,1,2
BRDA:151,11,0,2
BRDA:154,12,0,20
BRDA:154,12,1,3
BRDA:155,13,0,2
BRDA:155,13,1,18
BRDA:161,14,0,18
BRDA:161,14,1,17
BRDA:161,14,2,17
BRDA:162,15,0,18
BRDA:162,15,1,17
BRDA:162,15,2,17
BRDA:163,16,0,18
BRDA:163,16,1,18
BRDA:163,16,2,18
BRDA:165,17,0,18
BRDA:165,17,1,0
BRDA:176,18,0,18
BRDA:176,18,1,15
BRDA:177,19,0,15
BRDA:177,19,1,15
BRDA:179,20,0,18
BRDA:179,20,1,16
BRDA:180,21,0,16
BRDA:180,21,1,16
BRDA:181,22,0,16
BRDA:181,22,1,16
BRDA:183,23,0,18
BRDA:183,23,1,17
BRDA:184,24,0,17
BRDA:184,24,1,17
BRDA:196,25,0,1
BRDA:196,25,1,21
BRDA:199,26,0,1
BRDA:199,26,1,20
BRDA:202,27,0,20
BRDA:202,27,1,20
BRDA:203,28,0,19
BRDA:203,28,1,1
BRDA:203,29,0,20
BRDA:203,29,1,19
BRDA:205,30,0,1
BRDA:205,30,1,18
BRDA:222,31,0,14
BRDA:222,31,1,14
BRDA:222,31,2,13
BRDA:222,31,3,2
BRDA:223,32,0,14
BRDA:223,32,1,14
BRDA:223,32,2,13
BRDA:223,32,3,2
BRDA:226,33,0,14
BRDA:226,33,1,14
BRDA:226,33,2,14
BRDA:227,34,0,14
BRDA:227,34,1,13
BRDA:228,35,0,2
BRDA:228,35,1,12
BRDA:228,36,0,14
BRDA:228,36,1,12
BRDA:252,37,0,0
BRDA:252,37,1,19
BRDA:254,38,0,19
BRDA:254,38,1,0
BRDA:257,39,0,1
BRDA:257,39,1,18
BRDA:271,40,0,1
BRDA:271,40,1,18
BRDA:271,41,0,19
BRDA:271,41,1,2
BRDA:271,41,2,2
BRDA:274,42,0,1
BRDA:274,42,1,18
BRDA:277,43,0,19
BRDA:277,43,1,2
BRDA:278,44,0,1
BRDA:278,44,1,18
BRDA:278,45,0,19
BRDA:278,45,1,2
BRDA:278,45,2,1
BRDA:278,45,3,1
BRDA:281,46,0,19
BRDA:281,46,1,1
BRDA:282,47,0,1
BRDA:282,47,1,18
BRDA:282,48,0,19
BRDA:282,48,1,1
BRDA:285,49,0,1
BRDA:285,49,1,18
BRDA:285,50,0,19
BRDA:285,50,1,1
BRF:108
BRH:101
end_of_record
TN:
SF:src\services\dataExportService.js
FN:14,(anonymous_0)
FN:117,(anonymous_1)
FN:130,(anonymous_2)
FN:139,(anonymous_3)
FN:155,(anonymous_4)
FN:170,(anonymous_5)
FN:185,(anonymous_6)
FN:199,(anonymous_7)
FN:214,(anonymous_8)
FN:229,(anonymous_9)
FN:243,(anonymous_10)
FN:259,(anonymous_11)
FN:268,(anonymous_12)
FN:285,(anonymous_13)
FN:318,(anonymous_14)
FNF:15
FNH:0
FNDA:0,(anonymous_0)
FNDA:0,(anonymous_1)
FNDA:0,(anonymous_2)
FNDA:0,(anonymous_3)
FNDA:0,(anonymous_4)
FNDA:0,(anonymous_5)
FNDA:0,(anonymous_6)
FNDA:0,(anonymous_7)
FNDA:0,(anonymous_8)
FNDA:0,(anonymous_9)
FNDA:0,(anonymous_10)
FNDA:0,(anonymous_11)
FNDA:0,(anonymous_12)
FNDA:0,(anonymous_13)
FNDA:0,(anonymous_14)
DA:1,1
DA:2,1
DA:3,1
DA:4,1
DA:5,1
DA:15,0
DA:16,0
DA:31,0
DA:46,0
DA:88,0
DA:89,0
DA:91,0
DA:92,0
DA:94,0
DA:97,0
DA:99,0
DA:101,0
DA:108,0
DA:109,0
DA:110,0
DA:118,0
DA:123,0
DA:124,0
DA:131,0
DA:132,0
DA:133,0
DA:140,0
DA:148,0
DA:149,0
DA:156,0
DA:163,0
DA:164,0
DA:171,0
DA:178,0
DA:179,0
DA:186,0
DA:192,0
DA:193,0
DA:200,0
DA:207,0
DA:208,0
DA:215,0
DA:222,0
DA:223,0
DA:230,0
DA:236,0
DA:237,0
DA:244,0
DA:252,0
DA:253,0
DA:260,0
DA:261,0
DA:262,0
DA:269,0
DA:279,0
DA:286,0
DA:291,0
DA:293,0
DA:294,0
DA:297,0
DA:299,0
DA:300,0
DA:303,0
DA:304,0
DA:305,0
DA:310,0
DA:311,0
DA:319,0
DA:320,0
DA:323,0
DA:324,0
DA:325,0
DA:326,0
DA:327,0
DA:328,0
DA:329,0
DA:330,0
DA:331,0
DA:332,0
DA:333,0
DA:334,0
DA:335,0
DA:336,0
DA:339,0
DA:341,0
DA:343,0
DA:345,0
DA:346,0
DA:351,1
LF:89
LH:6
BRDA:124,0,0,0
BRDA:124,0,1,0
BRDA:133,1,0,0
BRDA:133,1,1,0
BRDA:262,2,0,0
BRDA:262,2,1,0
BRDA:293,3,0,0
BRDA:293,3,1,0
BRDA:299,4,0,0
BRDA:299,4,1,0
BRDA:299,5,0,0
BRDA:299,5,1,0
BRF:12
BRH:0
end_of_record
TN:
SF:src\services\responseGenerator.js
FN:32,(anonymous_0)
FN:40,(anonymous_1)
FNF:2
FNH:0
FNDA:0,(anonymous_0)
FNDA:0,(anonymous_1)
DA:33,0
DA:41,0
DA:45,3
LF:3
LH:1
BRF:0
BRH:0
end_of_record
TN:
SF:src\services\responseGeneratorFactory.js
FN:31,(anonymous_0)
FN:73,(anonymous_1)
FNF:2
FNH:2
FNDA:11,(anonymous_0)
FNDA:10,(anonymous_1)
DA:1,1
DA:2,1
DA:10,1
DA:12,1
DA:31,1
DA:32,11
DA:34,10
DA:36,10
DA:37,1
DA:41,1
DA:42,1
DA:45,9
DA:47,1
DA:49,1
DA:50,1
DA:52,1
DA:57,1
DA:59,1
DA:63,8
DA:66,9
DA:67,9
DA:73,10
DA:75,1
LF:23
LH:23
BRDA:31,0,0,9
BRDA:32,1,0,1
BRDA:32,1,1,10
BRDA:32,2,0,11
BRDA:32,2,1,2
BRDA:34,3,0,10
BRDA:34,3,1,9
BRDA:34,3,2,6
BRDA:36,4,0,1
BRDA:36,4,1,9
BRDA:45,5,0,1
BRDA:45,5,1,8
BRDA:45,5,2,8
BRF:13
BRH:13
end_of_record
TN:
SF:src\services\ruleBasedResponseGenerator.js
FN:35,(anonymous_0)
FN:41,(anonymous_1)
FNF:2
FNH:2
FNDA:16,(anonymous_0)
FNDA:36,(anonymous_1)
DA:1,2
DA:4,2
DA:12,2
DA:16,2
DA:17,2
DA:35,16
DA:42,36
DA:43,36
DA:46,36
DA:47,9
DA:48,27
DA:49,13
DA:51,14
DA:55,36
DA:56,36
DA:57,2
DA:58,34
DA:59,1
DA:63,36
DA:64,36
DA:65,1
DA:69,36
DA:70,3
DA:71,3
DA:75,36
DA:76,36
DA:77,36
DA:78,1
DA:80,36
DA:84,2
LF:30
LH:30
BRDA:42,0,0,36
BRDA:42,0,1,1
BRDA:46,1,0,9
BRDA:46,1,1,27
BRDA:46,2,0,36
BRDA:46,2,1,31
BRDA:46,2,2,28
BRDA:48,3,0,13
BRDA:48,3,1,14
BRDA:55,4,0,36
BRDA:55,4,1,34
BRDA:56,5,0,2
BRDA:56,5,1,34
BRDA:56,6,0,36
BRDA:56,6,1,6
BRDA:58,7,0,1
BRDA:58,7,1,33
BRDA:63,8,0,36
BRDA:63,8,1,34
BRDA:64,9,0,1
BRDA:64,9,1,35
BRDA:64,10,0,36
BRDA:64,10,1,34
BRDA:69,11,0,3
BRDA:69,11,1,33
BRDA:69,12,0,36
BRDA:69,12,1,5
BRDA:69,12,2,4
BRDA:70,13,0,3
BRDA:70,13,1,2
BRDA:77,14,0,1
BRDA:77,14,1,35
BRF:32
BRH:32
end_of_record
TN:
SF:src\services\safetyFilter.js
FN:70,(anonymous_0)
FN:73,(anonymous_1)
FN:83,(anonymous_2)
FNF:3
FNH:3
FNDA:24,(anonymous_0)
FNDA:179,(anonymous_1)
FNDA:1,(anonymous_2)
DA:18,1
DA:45,1
DA:70,1
DA:71,24
DA:72,17
DA:73,179
DA:83,1
DA:84,1
DA:85,1
DA:98,1
DA:101,1
LF:11
LH:11
BRDA:71,0,0,7
BRDA:71,0,1,17
BRDA:71,1,0,24
BRDA:71,1,1,18
BRF:4
BRH:4
end_of_record
TN:
SF:src\services\webPushService.js
FN:33,(anonymous_0)
FN:58,(anonymous_1)
FN:69,(anonymous_2)
FN:81,(anonymous_3)
FN:94,(anonymous_4)
FN:120,(anonymous_5)
FN:129,(anonymous_6)
FN:140,(anonymous_7)
FN:145,(anonymous_8)
FNF:9
FNH:7
FNDA:11,(anonymous_0)
FNDA:11,(anonymous_1)
FNDA:8,(anonymous_2)
FNDA:8,(anonymous_3)
FNDA:0,(anonymous_4)
FNDA:8,(anonymous_5)
FNDA:4,(anonymous_6)
FNDA:0,(anonymous_7)
FNDA:11,(anonymous_8)
DA:1,1
DA:2,1
DA:4,1
DA:34,11
DA:35,11
DA:36,11
DA:38,11
DA:39,10
DA:40,10
DA:41,8
DA:43,1
DA:44,1
DA:46,1
DA:47,1
DA:49,1
DA:50,1
DA:53,0
DA:59,11
DA:70,8
DA:71,1
DA:72,1
DA:75,7
DA:76,7
DA:77,1
DA:80,6
DA:81,8
DA:83,6
DA:84,6
DA:85,6
DA:87,6
DA:88,8
DA:89,8
DA:91,8
DA:92,4
DA:94,4
DA:95,4
DA:98,4
DA:99,3
DA:100,3
DA:101,3
DA:102,3
DA:106,0
DA:109,1
DA:110,1
DA:116,6
DA:121,8
DA:125,8
DA:130,4
DA:138,1
DA:140,1
DA:141,0
DA:142,0
DA:145,11
DA:147,1
LF:54
LH:50
BRDA:33,0,0,0
BRDA:34,1,0,11
BRDA:34,1,1,2
BRDA:34,1,2,2
BRDA:35,2,0,11
BRDA:35,2,1,2
BRDA:35,2,2,2
BRDA:36,3,0,11
BRDA:36,3,1,9
BRDA:36,3,2,9
BRDA:38,4,0,10
BRDA:38,4,1,1
BRDA:40,5,0,8
BRDA:40,5,1,2
BRDA:40,6,0,10
BRDA:40,6,1,8
BRDA:40,6,2,8
BRDA:43,7,0,1
BRDA:43,7,1,0
BRDA:43,8,0,1
BRDA:43,8,1,1
BRDA:59,9,0,11
BRDA:59,9,1,10
BRDA:59,9,2,8
BRDA:70,10,0,1
BRDA:70,10,1,7
BRDA:76,11,0,1
BRDA:76,11,1,6
BRDA:91,12,0,4
BRDA:91,12,1,4
BRDA:98,13,0,3
BRDA:98,13,1,1
BRDA:111,14,0,1
BRDA:111,14,1,1
BRDA:130,15,0,4
BRDA:130,15,1,4
BRDA:130,15,2,3
BRDA:141,16,0,0
BRDA:141,16,1,0
BRF:39
BRH:35
end_of_record
TN:
SF:src\utils\encryption.js
FN:23,(anonymous_0)
FN:46,(anonymous_1)
FN:81,(anonymous_2)
FNF:3
FNH:3
FNDA:9,(anonymous_0)
FNDA:6,(anonymous_1)
FNDA:6,(anonymous_2)
DA:1,1
DA:2,1
DA:4,1
DA:6,1
DA:7,0
DA:11,1
DA:12,1
DA:15,1
DA:23,1
DA:24,9
DA:25,7
DA:26,7
DA:27,7
DA:28,7
DA:29,7
DA:30,7
DA:31,7
DA:33,7
DA:35,0
DA:36,0
DA:46,1
DA:47,6
DA:48,4
DA:50,4
DA:51,4
DA:52,3
DA:53,3
DA:54,3
DA:55,3
DA:56,3
DA:57,3
DA:58,3
DA:59,2
DA:63,1
DA:64,1
DA:65,1
DA:66,1
DA:68,1
DA:71,2
DA:72,2
DA:81,1
DA:82,6
DA:85,1
LF:43
LH:40
BRDA:6,0,0,0
BRDA:6,0,1,1
BRDA:6,1,0,1
BRDA:6,1,1,1
BRDA:24,2,0,2
BRDA:24,2,1,7
BRDA:47,3,0,2
BRDA:47,3,1,4
BRDA:51,4,0,3
BRDA:51,4,1,1
BRF:10
BRH:9
end_of_record
